2025-06-04 07:38:27,331 - INFO - Visiting homepage...
2025-06-04 07:38:29,820 - INFO - Visiting derivatives page...
2025-06-04 07:38:32,023 - INFO - Initialized empty alerts_data.json
2025-06-04 07:38:32,028 - INFO - Initialized empty temp_table_data.json
2025-06-04 07:38:32,034 - INFO - Initialized empty historical_data.json
2025-06-04 07:38:32,038 - INFO - Initialized empty call_suggestions.json
2025-06-04 07:38:32,043 - INFO - Initialized empty sell_suggestions.json
2025-06-04 07:38:32,050 - INFO - No config file found at config.json
2025-06-04 07:38:32,062 - INFO - Loaded 0 historical entries from historical_data.json
2025-06-04 07:40:06,142 - INFO - Visiting homepage...
2025-06-04 07:40:07,290 - INFO - Visiting derivatives page...
2025-06-04 07:40:09,501 - INFO - No config file found at config.json
2025-06-04 07:40:09,520 - INFO - Loaded 0 historical entries from historical_data.json
2025-06-04 07:40:09,522 - INFO - No options data file found at options_data.csv
2025-06-04 07:40:09,555 - INFO - Fetching options data from: https://www.nseindia.com/api/option-chain-equities?symbol=HDFCBANK
2025-06-04 07:40:09,724 - INFO - No historical data file found at historical_data_date_wise\historical_data_2025-06-03.json
2025-06-04 07:40:30,662 - INFO - Visiting homepage...
2025-06-04 07:40:31,776 - INFO - Visiting derivatives page...
2025-06-04 07:40:33,963 - INFO - No config file found at config.json
2025-06-04 07:40:34,004 - INFO - Saved config to config.json
2025-06-04 07:40:34,005 - INFO - Fetching options data from: https://www.nseindia.com/api/option-chain-equities?symbol=HDFCBANK
2025-06-04 07:40:37,656 - INFO - Visiting homepage...
2025-06-04 07:40:38,848 - INFO - Visiting derivatives page...
2025-06-04 07:40:41,187 - INFO - Saved config to config.json
2025-06-04 07:40:41,188 - INFO - Fetching options data from: https://www.nseindia.com/api/option-chain-equities?symbol=HDFCBANK
2025-06-04 07:41:14,590 - INFO - Visiting homepage...
2025-06-04 07:41:15,760 - INFO - Visiting derivatives page...
2025-06-04 07:41:16,193 - INFO - Visiting homepage...
2025-06-04 07:41:17,090 - INFO - Visiting derivatives page...
2025-06-04 07:41:19,395 - INFO - Fetching options data from: https://www.nseindia.com/api/option-chain-equities?symbol=HDFCBANK
2025-06-04 07:41:19,529 - INFO - Starting perform_scan for tickers: ['BANKINDIA']
2025-06-04 07:41:19,580 - INFO - Fetching options data from: https://www.nseindia.com/api/option-chain-equities?symbol=BANKINDIA
2025-06-04 07:41:22,040 - INFO - Fetched price for BANKINDIA: 124.59
2025-06-04 07:41:22,042 - INFO - Fetching options data from: https://www.nseindia.com/api/option-chain-equities?symbol=BANKINDIA
2025-06-04 07:41:22,158 - INFO - Saved 1 table entries to temp_table_data.json
2025-06-04 07:41:22,159 - INFO - Checking resistance crossing for tickers: ['BANKINDIA']
2025-06-04 07:41:22,744 - INFO - Fetched price for BANKINDIA: 124.59
2025-06-04 07:43:01,396 - INFO - Visiting homepage...
2025-06-04 07:43:02,522 - INFO - Visiting derivatives page...
2025-06-04 07:43:04,939 - INFO - Fetching options data from: https://www.nseindia.com/api/option-chain-equities?symbol=HDFCBANK
2025-06-04 07:43:39,880 - INFO - Visiting homepage...
2025-06-04 07:43:41,581 - INFO - Visiting derivatives page...
2025-06-04 07:43:44,068 - INFO - Saved config to config.json
2025-06-04 07:43:44,068 - INFO - Fetching options data from: https://www.nseindia.com/api/option-chain-equities?symbol=HDFCBANK
2025-06-04 07:43:52,858 - INFO - Visiting homepage...
2025-06-04 07:43:53,714 - INFO - Visiting derivatives page...
2025-06-04 07:43:56,118 - INFO - Fetching options data from: https://www.nseindia.com/api/option-chain-equities?symbol=HDFCBANK
2025-06-04 07:44:15,177 - INFO - Visiting homepage...
2025-06-04 07:44:16,313 - INFO - Visiting derivatives page...
2025-06-04 07:44:18,690 - INFO - Saved config to config.json
2025-06-04 07:44:18,691 - INFO - Fetching options data from: https://www.nseindia.com/api/option-chain-equities?symbol=HDFCBANK
2025-06-04 07:44:21,560 - INFO - Visiting homepage...
2025-06-04 07:44:22,655 - INFO - Visiting derivatives page...
2025-06-04 07:44:24,896 - INFO - Fetching options data from: https://www.nseindia.com/api/option-chain-equities?symbol=HDFCBANK
2025-06-04 07:44:59,770 - INFO - Visiting homepage...
2025-06-04 07:45:00,699 - INFO - Visiting derivatives page...
2025-06-04 07:45:01,100 - INFO - Visiting homepage...
2025-06-04 07:45:02,297 - INFO - Visiting derivatives page...
2025-06-04 07:45:04,787 - INFO - Fetching options data from: https://www.nseindia.com/api/option-chain-equities?symbol=HDFCBANK
2025-06-04 07:45:18,865 - INFO - Visiting homepage...
2025-06-04 07:45:20,495 - INFO - Visiting derivatives page...
2025-06-04 07:45:22,703 - INFO - Saved config to config.json
2025-06-04 07:45:22,704 - INFO - Fetching options data from: https://www.nseindia.com/api/option-chain-equities?symbol=HDFCBANK
2025-06-04 07:45:23,595 - INFO - Visiting homepage...
2025-06-04 07:45:24,046 - INFO - Visiting homepage...
2025-06-04 07:45:24,524 - INFO - Visiting homepage...
2025-06-04 07:45:24,525 - INFO - Visiting derivatives page...
2025-06-04 07:45:24,975 - INFO - Visiting derivatives page...
2025-06-04 07:45:25,547 - INFO - Visiting derivatives page...
2025-06-04 07:45:27,829 - INFO - Fetching options data from: https://www.nseindia.com/api/option-chain-equities?symbol=HDFCBANK
2025-06-04 07:45:29,797 - INFO - Visiting homepage...
2025-06-04 07:45:30,722 - INFO - Visiting derivatives page...
2025-06-04 07:45:33,494 - INFO - Fetching options data from: https://www.nseindia.com/api/option-chain-equities?symbol=HDFCBANK
