2026-05-26 08:30:11,262 [INFO] watchfiles.main — 4 changes detected
2026-05-26 08:31:17,792 [INFO] watchfiles.main — 1 change detected
2026-05-26 08:31:18,721 [INFO] watchfiles.main — 1 change detected
2026-05-26 08:31:31,724 [INFO] watchfiles.main — 5 changes detected
2026-05-26 08:31:44,137 [INFO] screener — Loaded 201 tickers from tickers.csv
2026-05-26 08:31:44,138 [INFO] screener — Starting OTM premium scan for 201 symbols...
2026-05-26 08:31:45,981 [WARNING] screener — No data for ACC
2026-05-26 08:31:45,982 [INFO] screener — [1/201] ACC: 0 signals
2026-05-26 08:31:47,696 [WARNING] screener — No data for APLAPOLLO
2026-05-26 08:31:47,697 [INFO] screener — [2/201] APLAPOLLO: 0 signals
2026-05-26 08:31:49,350 [WARNING] screener — No data for AUBANK
2026-05-26 08:31:49,351 [INFO] screener — [3/201] AUBANK: 0 signals
2026-05-26 08:31:50,964 [WARNING] screener — No data for AARTIIND
2026-05-26 08:31:50,965 [INFO] screener — [4/201] AARTIIND: 0 signals
2026-05-26 08:31:52,639 [WARNING] screener — No data for ADANIENSOL
2026-05-26 08:31:52,639 [INFO] screener — [5/201] ADANIENSOL: 0 signals
2026-05-26 08:31:54,716 [WARNING] screener — No data for ADANIENT
2026-05-26 08:31:54,717 [INFO] screener — [6/201] ADANIENT: 0 signals
2026-05-26 08:31:56,416 [WARNING] screener — No data for ADANIGREEN
2026-05-26 08:31:56,417 [INFO] screener — [7/201] ADANIGREEN: 0 signals
2026-05-26 08:31:58,084 [WARNING] screener — No data for ADANIPORTS
2026-05-26 08:31:58,085 [INFO] screener — [8/201] ADANIPORTS: 0 signals
2026-05-26 08:31:59,711 [WARNING] screener — No data for ATGL
2026-05-26 08:31:59,711 [INFO] screener — [9/201] ATGL: 0 signals
2026-05-26 08:32:01,380 [WARNING] screener — No data for ABCAPITAL
2026-05-26 08:32:01,381 [INFO] screener — [10/201] ABCAPITAL: 0 signals
2026-05-26 08:32:03,019 [WARNING] screener — No data for ABFRL
2026-05-26 08:32:03,019 [INFO] screener — [11/201] ABFRL: 0 signals
2026-05-26 08:32:04,684 [WARNING] screener — No data for ALKEM
2026-05-26 08:32:04,684 [INFO] screener — [12/201] ALKEM: 0 signals
2026-05-26 08:32:06,346 [WARNING] screener — No data for AMBUJACEM
2026-05-26 08:32:06,346 [INFO] screener — [13/201] AMBUJACEM: 0 signals
2026-05-26 08:32:08,005 [WARNING] screener — No data for ANGELONE
2026-05-26 08:32:08,005 [INFO] screener — [14/201] ANGELONE: 0 signals
2026-05-26 08:32:09,684 [WARNING] screener — No data for APOLLOHOSP
2026-05-26 08:32:09,684 [INFO] screener — [15/201] APOLLOHOSP: 0 signals
2026-05-26 08:32:11,342 [WARNING] screener — No data for ASHOKLEY
2026-05-26 08:32:11,343 [INFO] screener — [16/201] ASHOKLEY: 0 signals
2026-05-26 08:32:13,021 [WARNING] screener — No data for ASIANPAINT
2026-05-26 08:32:13,021 [INFO] screener — [17/201] ASIANPAINT: 0 signals
2026-05-26 08:32:14,677 [WARNING] screener — No data for ASTRAL
2026-05-26 08:32:14,677 [INFO] screener — [18/201] ASTRAL: 0 signals
2026-05-26 08:32:16,306 [WARNING] screener — No data for AUROPHARMA
2026-05-26 08:32:16,307 [INFO] screener — [19/201] AUROPHARMA: 0 signals
2026-05-26 08:32:17,969 [WARNING] screener — No data for DMART
2026-05-26 08:32:17,969 [INFO] screener — [20/201] DMART: 0 signals
2026-05-26 08:32:19,624 [WARNING] screener — No data for AXISBANK
2026-05-26 08:32:19,625 [INFO] screener — [21/201] AXISBANK: 0 signals
2026-05-26 08:32:22,300 [WARNING] screener — No data for BSOFT
2026-05-26 08:32:22,300 [INFO] screener — [22/201] BSOFT: 0 signals
2026-05-26 08:32:23,959 [WARNING] screener — No data for BSE
2026-05-26 08:32:23,959 [INFO] screener — [23/201] BSE: 0 signals
2026-05-26 08:32:25,609 [WARNING] screener — No data for BAJAJ-AUTO
2026-05-26 08:32:25,609 [INFO] screener — [24/201] BAJAJ-AUTO: 0 signals
2026-05-26 08:32:27,240 [WARNING] screener — No data for BAJFINANCE
2026-05-26 08:32:27,240 [INFO] screener — [25/201] BAJFINANCE: 0 signals
2026-05-26 08:32:28,864 [WARNING] screener — No data for BAJAJFINSV
2026-05-26 08:32:28,864 [INFO] screener — [26/201] BAJAJFINSV: 0 signals
2026-05-26 08:32:30,488 [WARNING] screener — No data for BALKRISIND
2026-05-26 08:32:30,488 [INFO] screener — [27/201] BALKRISIND: 0 signals
2026-05-26 08:32:32,135 [WARNING] screener — No data for BANDHANBNK
2026-05-26 08:32:32,136 [INFO] screener — [28/201] BANDHANBNK: 0 signals
2026-05-26 08:32:33,758 [WARNING] screener — No data for BANKBARODA
2026-05-26 08:32:33,759 [INFO] screener — [29/201] BANKBARODA: 0 signals
2026-05-26 08:32:35,440 [WARNING] screener — No data for BANKINDIA
2026-05-26 08:32:35,441 [INFO] screener — [30/201] BANKINDIA: 0 signals
2026-05-26 08:32:37,058 [WARNING] screener — No data for BEL
2026-05-26 08:32:37,058 [INFO] screener — [31/201] BEL: 0 signals
2026-05-26 08:32:38,724 [WARNING] screener — No data for BHARATFORG
2026-05-26 08:32:38,724 [INFO] screener — [32/201] BHARATFORG: 0 signals
2026-05-26 08:32:40,333 [WARNING] screener — No data for BHEL
2026-05-26 08:32:40,334 [INFO] screener — [33/201] BHEL: 0 signals
2026-05-26 08:32:41,964 [WARNING] screener — No data for BPCL
2026-05-26 08:32:41,964 [INFO] screener — [34/201] BPCL: 0 signals
2026-05-26 08:32:43,605 [WARNING] screener — No data for BHARTIARTL
2026-05-26 08:32:43,606 [INFO] screener — [35/201] BHARTIARTL: 0 signals
2026-05-26 08:32:45,253 [WARNING] screener — No data for BIOCON
2026-05-26 08:32:45,253 [INFO] screener — [36/201] BIOCON: 0 signals
2026-05-26 08:32:46,926 [WARNING] screener — No data for BOSCHLTD
2026-05-26 08:32:46,926 [INFO] screener — [37/201] BOSCHLTD: 0 signals
2026-05-26 08:32:48,605 [WARNING] screener — No data for BRITANNIA
2026-05-26 08:32:48,606 [INFO] screener — [38/201] BRITANNIA: 0 signals
2026-05-26 08:32:50,212 [WARNING] screener — No data for CESC
2026-05-26 08:32:50,213 [INFO] screener — [39/201] CESC: 0 signals
2026-05-26 08:32:51,884 [WARNING] screener — No data for CGPOWER
2026-05-26 08:32:51,884 [INFO] screener — [40/201] CGPOWER: 0 signals
2026-05-26 08:32:53,568 [WARNING] screener — No data for CANBK
2026-05-26 08:32:53,568 [INFO] screener — [41/201] CANBK: 0 signals
2026-05-26 08:32:55,215 [WARNING] screener — No data for CDSL
2026-05-26 08:32:55,216 [INFO] screener — [42/201] CDSL: 0 signals
2026-05-26 08:32:56,880 [WARNING] screener — No data for CHAMBLFERT
2026-05-26 08:32:56,881 [INFO] screener — [43/201] CHAMBLFERT: 0 signals
2026-05-26 08:32:58,505 [WARNING] screener — No data for CHOLAFIN
2026-05-26 08:32:58,505 [INFO] screener — [44/201] CHOLAFIN: 0 signals
2026-05-26 08:33:00,188 [WARNING] screener — No data for CIPLA
2026-05-26 08:33:00,188 [INFO] screener — [45/201] CIPLA: 0 signals
2026-05-26 08:33:01,919 [WARNING] screener — No data for COALINDIA
2026-05-26 08:33:01,920 [INFO] screener — [46/201] COALINDIA: 0 signals
2026-05-26 08:33:03,539 [WARNING] screener — No data for COFORGE
2026-05-26 08:33:03,540 [INFO] screener — [47/201] COFORGE: 0 signals
2026-05-26 08:33:05,158 [WARNING] screener — No data for COLPAL
2026-05-26 08:33:05,158 [INFO] screener — [48/201] COLPAL: 0 signals
2026-05-26 08:33:06,823 [WARNING] screener — No data for CAMS
2026-05-26 08:33:06,824 [INFO] screener — [49/201] CAMS: 0 signals
2026-05-26 08:33:08,419 [WARNING] screener — No data for CONCOR
2026-05-26 08:33:08,419 [INFO] screener — [50/201] CONCOR: 0 signals
2026-05-26 08:33:10,090 [WARNING] screener — No data for CROMPTON
2026-05-26 08:33:10,090 [INFO] screener — [51/201] CROMPTON: 0 signals
2026-05-26 08:33:11,769 [WARNING] screener — No data for CUMMINSIND
2026-05-26 08:33:11,770 [INFO] screener — [52/201] CUMMINSIND: 0 signals
2026-05-26 08:33:13,387 [WARNING] screener — No data for CYIENT
2026-05-26 08:33:13,387 [INFO] screener — [53/201] CYIENT: 0 signals
2026-05-26 08:33:14,994 [WARNING] screener — No data for DLF
2026-05-26 08:33:14,994 [INFO] screener — [54/201] DLF: 0 signals
2026-05-26 08:33:16,705 [WARNING] screener — No data for DABUR
2026-05-26 08:33:16,705 [INFO] screener — [55/201] DABUR: 0 signals
2026-05-26 08:33:18,307 [WARNING] screener — No data for DALBHARAT
2026-05-26 08:33:18,307 [INFO] screener — [56/201] DALBHARAT: 0 signals
2026-05-26 08:33:19,914 [WARNING] screener — No data for DELHIVERY
2026-05-26 08:33:19,914 [INFO] screener — [57/201] DELHIVERY: 0 signals
2026-05-26 08:33:21,597 [WARNING] screener — No data for DIVISLAB
2026-05-26 08:33:21,597 [INFO] screener — [58/201] DIVISLAB: 0 signals
2026-05-26 08:33:23,335 [WARNING] screener — No data for DIXON
2026-05-26 08:33:23,335 [INFO] screener — [59/201] DIXON: 0 signals
2026-05-26 08:33:24,940 [WARNING] screener — No data for DRREDDY
2026-05-26 08:33:24,940 [INFO] screener — [60/201] DRREDDY: 0 signals
2026-05-26 08:33:26,653 [WARNING] screener — No data for EICHERMOT
2026-05-26 08:33:26,653 [INFO] screener — [61/201] EICHERMOT: 0 signals
2026-05-26 08:33:28,273 [WARNING] screener — No data for EXIDEIND
2026-05-26 08:33:28,273 [INFO] screener — [62/201] EXIDEIND: 0 signals
2026-05-26 08:33:29,920 [WARNING] screener — No data for NYKAA
2026-05-26 08:33:29,921 [INFO] screener — [63/201] NYKAA: 0 signals
2026-05-26 08:33:31,662 [WARNING] screener — No data for GAIL
2026-05-26 08:33:31,663 [INFO] screener — [64/201] GAIL: 0 signals
2026-05-26 08:33:33,343 [WARNING] screener — No data for GMRAIRPORT
2026-05-26 08:33:33,343 [INFO] screener — [65/201] GMRAIRPORT: 0 signals
2026-05-26 08:33:35,015 [WARNING] screener — No data for GLENMARK
2026-05-26 08:33:35,016 [INFO] screener — [66/201] GLENMARK: 0 signals
2026-05-26 08:33:36,613 [WARNING] screener — No data for GODREJCP
2026-05-26 08:33:36,613 [INFO] screener — [67/201] GODREJCP: 0 signals
2026-05-26 08:33:38,299 [WARNING] screener — No data for GODREJPROP
2026-05-26 08:33:38,299 [INFO] screener — [68/201] GODREJPROP: 0 signals
2026-05-26 08:33:39,948 [WARNING] screener — No data for GRANULES
2026-05-26 08:33:39,949 [INFO] screener — [69/201] GRANULES: 0 signals
2026-05-26 08:33:41,549 [WARNING] screener — No data for GRASIM
2026-05-26 08:33:41,549 [INFO] screener — [70/201] GRASIM: 0 signals
2026-05-26 08:33:43,279 [WARNING] screener — No data for HCLTECH
2026-05-26 08:33:43,279 [INFO] screener — [71/201] HCLTECH: 0 signals
2026-05-26 08:33:44,870 [WARNING] screener — No data for HDFCAMC
2026-05-26 08:33:44,871 [INFO] screener — [72/201] HDFCAMC: 0 signals
2026-05-26 08:33:46,472 [WARNING] screener — No data for HDFCBANK
2026-05-26 08:33:46,472 [INFO] screener — [73/201] HDFCBANK: 0 signals
2026-05-26 08:33:48,080 [WARNING] screener — No data for HDFCLIFE
2026-05-26 08:33:48,080 [INFO] screener — [74/201] HDFCLIFE: 0 signals
2026-05-26 08:33:49,706 [WARNING] screener — No data for HFCL
2026-05-26 08:33:49,706 [INFO] screener — [75/201] HFCL: 0 signals
2026-05-26 08:33:51,332 [WARNING] screener — No data for HAVELLS
2026-05-26 08:33:51,332 [INFO] screener — [76/201] HAVELLS: 0 signals
2026-05-26 08:33:53,022 [WARNING] screener — No data for HEROMOTOCO
2026-05-26 08:33:53,023 [INFO] screener — [77/201] HEROMOTOCO: 0 signals
2026-05-26 08:33:54,652 [WARNING] screener — No data for HINDALCO
2026-05-26 08:33:54,652 [INFO] screener — [78/201] HINDALCO: 0 signals
2026-05-26 08:33:56,256 [WARNING] screener — No data for HAL
2026-05-26 08:33:56,257 [INFO] screener — [79/201] HAL: 0 signals
2026-05-26 08:33:57,910 [WARNING] screener — No data for HINDCOPPER
2026-05-26 08:33:57,910 [INFO] screener — [80/201] HINDCOPPER: 0 signals
2026-05-26 08:33:59,584 [WARNING] screener — No data for HINDPETRO
2026-05-26 08:33:59,584 [INFO] screener — [81/201] HINDPETRO: 0 signals
2026-05-26 08:34:01,182 [WARNING] screener — No data for HINDUNILVR
2026-05-26 08:34:01,183 [INFO] screener — [82/201] HINDUNILVR: 0 signals
2026-05-26 08:34:02,789 [WARNING] screener — No data for HUDCO
2026-05-26 08:34:02,790 [INFO] screener — [83/201] HUDCO: 0 signals
2026-05-26 08:34:04,684 [WARNING] screener — No data for ICICIBANK
2026-05-26 08:34:04,684 [INFO] screener — [84/201] ICICIBANK: 0 signals
2026-05-26 08:34:06,293 [WARNING] screener — No data for ICICIGI
2026-05-26 08:34:06,293 [INFO] screener — [85/201] ICICIGI: 0 signals
2026-05-26 08:34:07,916 [WARNING] screener — No data for ICICIPRULI
2026-05-26 08:34:07,916 [INFO] screener — [86/201] ICICIPRULI: 0 signals
2026-05-26 08:34:09,516 [WARNING] screener — No data for IDFCFIRSTB
2026-05-26 08:34:09,516 [INFO] screener — [87/201] IDFCFIRSTB: 0 signals
2026-05-26 08:34:11,142 [WARNING] screener — No data for IIFL
2026-05-26 08:34:11,143 [INFO] screener — [88/201] IIFL: 0 signals
2026-05-26 08:34:12,752 [WARNING] screener — No data for IRB
2026-05-26 08:34:12,752 [INFO] screener — [89/201] IRB: 0 signals
2026-05-26 08:34:14,601 [WARNING] screener — No data for ITC
2026-05-26 08:34:14,602 [INFO] screener — [90/201] ITC: 0 signals
2026-05-26 08:34:16,239 [WARNING] screener — No data for INDIANB
2026-05-26 08:34:16,239 [INFO] screener — [91/201] INDIANB: 0 signals
2026-05-26 08:34:17,836 [WARNING] screener — No data for IEX
2026-05-26 08:34:17,836 [INFO] screener — [92/201] IEX: 0 signals
2026-05-26 08:34:19,438 [WARNING] screener — No data for IOC
2026-05-26 08:34:19,438 [INFO] screener — [93/201] IOC: 0 signals
2026-05-26 08:34:21,044 [WARNING] screener — No data for IRCTC
2026-05-26 08:34:21,044 [INFO] screener — [94/201] IRCTC: 0 signals
2026-05-26 08:34:22,638 [WARNING] screener — No data for IRFC
2026-05-26 08:34:22,638 [INFO] screener — [95/201] IRFC: 0 signals
2026-05-26 08:34:24,641 [WARNING] screener — No data for IREDA
2026-05-26 08:34:24,641 [INFO] screener — [96/201] IREDA: 0 signals
2026-05-26 08:34:26,252 [WARNING] screener — No data for IGL
2026-05-26 08:34:26,253 [INFO] screener — [97/201] IGL: 0 signals
2026-05-26 08:34:27,856 [WARNING] screener — No data for INDUSTOWER
2026-05-26 08:34:27,856 [INFO] screener — [98/201] INDUSTOWER: 0 signals
2026-05-26 08:34:29,501 [WARNING] screener — No data for INDUSINDBK
2026-05-26 08:34:29,501 [INFO] screener — [99/201] INDUSINDBK: 0 signals
2026-05-26 08:34:31,117 [WARNING] screener — No data for NAUKRI
2026-05-26 08:34:31,118 [INFO] screener — [100/201] NAUKRI: 0 signals
2026-05-26 08:34:32,782 [WARNING] screener — No data for INFY
2026-05-26 08:34:32,783 [INFO] screener — [101/201] INFY: 0 signals
2026-05-26 08:34:34,656 [WARNING] screener — No data for INDIGO
2026-05-26 08:34:34,656 [INFO] screener — [102/201] INDIGO: 0 signals
2026-05-26 08:34:36,222 [WARNING] screener — No data for JSWENERGY
2026-05-26 08:34:36,222 [INFO] screener — [103/201] JSWENERGY: 0 signals
2026-05-26 08:34:37,780 [WARNING] screener — No data for JSWSTEEL
2026-05-26 08:34:37,780 [INFO] screener — [104/201] JSWSTEEL: 0 signals
2026-05-26 08:34:39,374 [WARNING] screener — No data for JSL
2026-05-26 08:34:39,374 [INFO] screener — [105/201] JSL: 0 signals
2026-05-26 08:34:40,923 [WARNING] screener — No data for JINDALSTEL
2026-05-26 08:34:40,923 [INFO] screener — [106/201] JINDALSTEL: 0 signals
2026-05-26 08:34:42,471 [WARNING] screener — No data for JIOFIN
2026-05-26 08:34:42,471 [INFO] screener — [107/201] JIOFIN: 0 signals
2026-05-26 08:34:44,028 [WARNING] screener — No data for JUBLFOOD
2026-05-26 08:34:44,028 [INFO] screener — [108/201] JUBLFOOD: 0 signals
2026-05-26 08:34:45,671 [WARNING] screener — No data for KEI
2026-05-26 08:34:45,671 [INFO] screener — [109/201] KEI: 0 signals
2026-05-26 08:34:47,258 [WARNING] screener — No data for KPITTECH
2026-05-26 08:34:47,258 [INFO] screener — [110/201] KPITTECH: 0 signals
2026-05-26 08:34:48,854 [WARNING] screener — No data for KALYANKJIL
2026-05-26 08:34:48,854 [INFO] screener — [111/201] KALYANKJIL: 0 signals
2026-05-26 08:34:50,444 [WARNING] screener — No data for KOTAKBANK
2026-05-26 08:34:50,445 [INFO] screener — [112/201] KOTAKBANK: 0 signals
2026-05-26 08:34:52,081 [WARNING] screener — No data for LTF
2026-05-26 08:34:52,082 [INFO] screener — [113/201] LTF: 0 signals
2026-05-26 08:34:53,690 [WARNING] screener — No data for LICHSGFIN
2026-05-26 08:34:53,691 [INFO] screener — [114/201] LICHSGFIN: 0 signals
2026-05-26 08:34:55,312 [WARNING] screener — No data for LTIM
2026-05-26 08:34:55,312 [INFO] screener — [115/201] LTIM: 0 signals
2026-05-26 08:34:56,900 [WARNING] screener — No data for LT
2026-05-26 08:34:56,901 [INFO] screener — [116/201] LT: 0 signals
2026-05-26 08:34:58,507 [WARNING] screener — No data for LAURUSLABS
2026-05-26 08:34:58,508 [INFO] screener — [117/201] LAURUSLABS: 0 signals
2026-05-26 08:35:00,096 [WARNING] screener — No data for LICI
2026-05-26 08:35:00,096 [INFO] screener — [118/201] LICI: 0 signals
2026-05-26 08:35:01,686 [WARNING] screener — No data for LUPIN
2026-05-26 08:35:01,686 [INFO] screener — [119/201] LUPIN: 0 signals
2026-05-26 08:35:03,285 [WARNING] screener — No data for LODHA
2026-05-26 08:35:03,285 [INFO] screener — [120/201] LODHA: 0 signals
2026-05-26 08:35:04,879 [WARNING] screener — No data for MGL
2026-05-26 08:35:04,879 [INFO] screener — [121/201] MGL: 0 signals
2026-05-26 08:35:06,525 [WARNING] screener — No data for MANAPPURAM
2026-05-26 08:35:06,525 [INFO] screener — [122/201] MANAPPURAM: 0 signals
2026-05-26 08:35:08,111 [WARNING] screener — No data for MARICO
2026-05-26 08:35:08,111 [INFO] screener — [123/201] MARICO: 0 signals
2026-05-26 08:35:09,705 [WARNING] screener — No data for MARUTI
2026-05-26 08:35:09,705 [INFO] screener — [124/201] MARUTI: 0 signals
2026-05-26 08:35:11,372 [WARNING] screener — No data for MFSL
2026-05-26 08:35:11,372 [INFO] screener — [125/201] MFSL: 0 signals
2026-05-26 08:35:12,963 [WARNING] screener — No data for MAXHEALTH
2026-05-26 08:35:12,963 [INFO] screener — [126/201] MAXHEALTH: 0 signals
2026-05-26 08:35:14,561 [WARNING] screener — No data for MPHASIS
2026-05-26 08:35:14,562 [INFO] screener — [127/201] MPHASIS: 0 signals
2026-05-26 08:35:16,157 [WARNING] screener — No data for MCX
2026-05-26 08:35:16,158 [INFO] screener — [128/201] MCX: 0 signals
2026-05-26 08:35:17,757 [WARNING] screener — No data for MUTHOOTFIN
2026-05-26 08:35:17,757 [INFO] screener — [129/201] MUTHOOTFIN: 0 signals
2026-05-26 08:35:19,403 [WARNING] screener — No data for NBCC
2026-05-26 08:35:19,403 [INFO] screener — [130/201] NBCC: 0 signals
2026-05-26 08:35:21,011 [WARNING] screener — No data for NCC
2026-05-26 08:35:21,012 [INFO] screener — [131/201] NCC: 0 signals
2026-05-26 08:35:22,630 [WARNING] screener — No data for NHPC
2026-05-26 08:35:22,630 [INFO] screener — [132/201] NHPC: 0 signals
2026-05-26 08:35:24,634 [WARNING] screener — No data for NMDC
2026-05-26 08:35:24,634 [INFO] screener — [133/201] NMDC: 0 signals
2026-05-26 08:35:26,236 [WARNING] screener — No data for NTPC
2026-05-26 08:35:26,237 [INFO] screener — [134/201] NTPC: 0 signals
2026-05-26 08:35:27,847 [WARNING] screener — No data for NATIONALUM
2026-05-26 08:35:27,847 [INFO] screener — [135/201] NATIONALUM: 0 signals
2026-05-26 08:35:29,441 [WARNING] screener — No data for NESTLEIND
2026-05-26 08:35:29,441 [INFO] screener — [136/201] NESTLEIND: 0 signals
2026-05-26 08:35:31,041 [WARNING] screener — No data for OBEROIRLTY
2026-05-26 08:35:31,042 [INFO] screener — [137/201] OBEROIRLTY: 0 signals
2026-05-26 08:35:32,631 [WARNING] screener — No data for ONGC
2026-05-26 08:35:32,631 [INFO] screener — [138/201] ONGC: 0 signals
2026-05-26 08:35:34,636 [WARNING] screener — No data for OIL
2026-05-26 08:35:34,637 [INFO] screener — [139/201] OIL: 0 signals
2026-05-26 08:35:36,241 [WARNING] screener — No data for OFSS
2026-05-26 08:35:36,241 [INFO] screener — [140/201] OFSS: 0 signals
2026-05-26 08:35:37,841 [WARNING] screener — No data for POLICYBZR
2026-05-26 08:35:37,841 [INFO] screener — [141/201] POLICYBZR: 0 signals
2026-05-26 08:35:39,454 [WARNING] screener — No data for PIIND
2026-05-26 08:35:39,455 [INFO] screener — [142/201] PIIND: 0 signals
2026-05-26 08:35:41,037 [WARNING] screener — No data for PATANJALI
2026-05-26 08:35:41,037 [INFO] screener — [143/201] PATANJALI: 0 signals
2026-05-26 08:35:42,664 [WARNING] screener — No data for PETRONET
2026-05-26 08:35:42,665 [INFO] screener — [144/201] PETRONET: 0 signals
2026-05-26 08:35:44,624 [WARNING] screener — No data for PIDILITIND
2026-05-26 08:35:44,625 [INFO] screener — [145/201] PIDILITIND: 0 signals
2026-05-26 08:35:46,248 [WARNING] screener — No data for PEL
2026-05-26 08:35:46,248 [INFO] screener — [146/201] PEL: 0 signals
2026-05-26 08:35:47,878 [WARNING] screener — No data for POLYCAB
2026-05-26 08:35:47,878 [INFO] screener — [147/201] POLYCAB: 0 signals
2026-05-26 08:35:49,540 [WARNING] screener — No data for POONAWALLA
2026-05-26 08:35:49,540 [INFO] screener — [148/201] POONAWALLA: 0 signals
2026-05-26 08:35:51,210 [WARNING] screener — No data for PFC
2026-05-26 08:35:51,210 [INFO] screener — [149/201] PFC: 0 signals
2026-05-26 08:35:52,827 [WARNING] screener — No data for POWERGRID
2026-05-26 08:35:52,827 [INFO] screener — [150/201] POWERGRID: 0 signals
2026-05-26 08:35:54,704 [WARNING] screener — No data for PRESTIGE
2026-05-26 08:35:54,705 [INFO] screener — [151/201] PRESTIGE: 0 signals
2026-05-26 08:35:56,398 [WARNING] screener — No data for PNB
2026-05-26 08:35:56,399 [INFO] screener — [152/201] PNB: 0 signals
2026-05-26 08:35:58,046 [WARNING] screener — No data for RBLBANK
2026-05-26 08:35:58,046 [INFO] screener — [153/201] RBLBANK: 0 signals
2026-05-26 08:35:59,676 [WARNING] screener — No data for RECLTD
2026-05-26 08:35:59,677 [INFO] screener — [154/201] RECLTD: 0 signals
2026-05-26 08:36:01,306 [WARNING] screener — No data for RELIANCE
2026-05-26 08:36:01,307 [INFO] screener — [155/201] RELIANCE: 0 signals
2026-05-26 08:36:02,976 [WARNING] screener — No data for SBICARD
2026-05-26 08:36:02,977 [INFO] screener — [156/201] SBICARD: 0 signals
2026-05-26 08:36:04,710 [WARNING] screener — No data for SBILIFE
2026-05-26 08:36:04,711 [INFO] screener — [157/201] SBILIFE: 0 signals
2026-05-26 08:36:06,376 [WARNING] screener — No data for SHREECEM
2026-05-26 08:36:06,376 [INFO] screener — [158/201] SHREECEM: 0 signals
2026-05-26 08:36:07,997 [WARNING] screener — No data for SJVN
2026-05-26 08:36:07,997 [INFO] screener — [159/201] SJVN: 0 signals
2026-05-26 08:36:09,626 [WARNING] screener — No data for SRF
2026-05-26 08:36:09,626 [INFO] screener — [160/201] SRF: 0 signals
2026-05-26 08:36:11,312 [WARNING] screener — No data for MOTHERSON
2026-05-26 08:36:11,312 [INFO] screener — [161/201] MOTHERSON: 0 signals
2026-05-26 08:36:13,029 [WARNING] screener — No data for SHRIRAMFIN
2026-05-26 08:36:13,029 [INFO] screener — [162/201] SHRIRAMFIN: 0 signals
2026-05-26 08:36:14,692 [WARNING] screener — No data for SIEMENS
2026-05-26 08:36:14,692 [INFO] screener — [163/201] SIEMENS: 0 signals
2026-05-26 08:36:16,350 [WARNING] screener — No data for SOLARINDS
2026-05-26 08:36:16,351 [INFO] screener — [164/201] SOLARINDS: 0 signals
2026-05-26 08:36:18,076 [WARNING] screener — No data for SONACOMS
2026-05-26 08:36:18,077 [INFO] screener — [165/201] SONACOMS: 0 signals
2026-05-26 08:36:19,754 [WARNING] screener — No data for SBIN
2026-05-26 08:36:19,754 [INFO] screener — [166/201] SBIN: 0 signals
2026-05-26 08:36:21,469 [WARNING] screener — No data for SAIL
2026-05-26 08:36:21,469 [INFO] screener — [167/201] SAIL: 0 signals
2026-05-26 08:36:23,189 [WARNING] screener — No data for SUNPHARMA
2026-05-26 08:36:23,190 [INFO] screener — [168/201] SUNPHARMA: 0 signals
2026-05-26 08:36:24,888 [WARNING] screener — No data for SUPREMEIND
2026-05-26 08:36:24,889 [INFO] screener — [169/201] SUPREMEIND: 0 signals
2026-05-26 08:36:26,517 [WARNING] screener — No data for SYNGENE
2026-05-26 08:36:26,518 [INFO] screener — [170/201] SYNGENE: 0 signals
2026-05-26 08:36:28,209 [WARNING] screener — No data for TATACONSUM
2026-05-26 08:36:28,210 [INFO] screener — [171/201] TATACONSUM: 0 signals
2026-05-26 08:36:29,839 [WARNING] screener — No data for TITAGARH
2026-05-26 08:36:29,840 [INFO] screener — [172/201] TITAGARH: 0 signals
2026-05-26 08:36:31,550 [WARNING] screener — No data for TVSMOTOR
2026-05-26 08:36:31,550 [INFO] screener — [173/201] TVSMOTOR: 0 signals
2026-05-26 08:36:33,176 [WARNING] screener — No data for TATACHEM
2026-05-26 08:36:33,177 [INFO] screener — [174/201] TATACHEM: 0 signals
2026-05-26 08:36:34,823 [WARNING] screener — No data for TATACOMM
2026-05-26 08:36:34,824 [INFO] screener — [175/201] TATACOMM: 0 signals
2026-05-26 08:36:36,445 [WARNING] screener — No data for TCS
2026-05-26 08:36:36,446 [INFO] screener — [176/201] TCS: 0 signals
2026-05-26 08:36:38,159 [WARNING] screener — No data for TATAELXSI
2026-05-26 08:36:38,160 [INFO] screener — [177/201] TATAELXSI: 0 signals
2026-05-26 08:36:39,791 [WARNING] screener — No data for TATAMOTORS
2026-05-26 08:36:39,792 [INFO] screener — [178/201] TATAMOTORS: 0 signals
2026-05-26 08:36:41,491 [WARNING] screener — No data for TATAPOWER
2026-05-26 08:36:41,492 [INFO] screener — [179/201] TATAPOWER: 0 signals
2026-05-26 08:36:43,160 [WARNING] screener — No data for TATASTEEL
2026-05-26 08:36:43,160 [INFO] screener — [180/201] TATASTEEL: 0 signals
2026-05-26 08:36:45,153 [WARNING] screener — No data for TATATECH
2026-05-26 08:36:45,154 [INFO] screener — [181/201] TATATECH: 0 signals
2026-05-26 08:36:46,839 [WARNING] screener — No data for TECHM
2026-05-26 08:36:46,840 [INFO] screener — [182/201] TECHM: 0 signals
2026-05-26 08:36:48,526 [WARNING] screener — No data for FEDERALBNK
2026-05-26 08:36:48,526 [INFO] screener — [183/201] FEDERALBNK: 0 signals
2026-05-26 08:36:50,207 [WARNING] screener — No data for INDHOTEL
2026-05-26 08:36:50,208 [INFO] screener — [184/201] INDHOTEL: 0 signals
2026-05-26 08:36:51,865 [WARNING] screener — No data for PHOENIXLTD
2026-05-26 08:36:51,866 [INFO] screener — [185/201] PHOENIXLTD: 0 signals
2026-05-26 08:36:53,540 [WARNING] screener — No data for TITAN
2026-05-26 08:36:53,540 [INFO] screener — [186/201] TITAN: 0 signals
2026-05-26 08:36:55,209 [WARNING] screener — No data for TORNTPHARM
2026-05-26 08:36:55,210 [INFO] screener — [187/201] TORNTPHARM: 0 signals
2026-05-26 08:36:56,840 [WARNING] screener — No data for TORNTPOWER
2026-05-26 08:36:56,840 [INFO] screener — [188/201] TORNTPOWER: 0 signals
2026-05-26 08:36:58,493 [WARNING] screener — No data for TRENT
2026-05-26 08:36:58,493 [INFO] screener — [189/201] TRENT: 0 signals
2026-05-26 08:37:00,163 [WARNING] screener — No data for TIINDIA
2026-05-26 08:37:00,164 [INFO] screener — [190/201] TIINDIA: 0 signals
2026-05-26 08:37:01,819 [WARNING] screener — No data for UPL
2026-05-26 08:37:01,820 [INFO] screener — [191/201] UPL: 0 signals
2026-05-26 08:37:03,492 [WARNING] screener — No data for ULTRACEMCO
2026-05-26 08:37:03,492 [INFO] screener — [192/201] ULTRACEMCO: 0 signals
2026-05-26 08:37:05,165 [WARNING] screener — No data for UNIONBANK
2026-05-26 08:37:05,165 [INFO] screener — [193/201] UNIONBANK: 0 signals
2026-05-26 08:37:06,893 [WARNING] screener — No data for UNITDSPR
2026-05-26 08:37:06,894 [INFO] screener — [194/201] UNITDSPR: 0 signals
2026-05-26 08:37:08,566 [WARNING] screener — No data for VBL
2026-05-26 08:37:08,566 [INFO] screener — [195/201] VBL: 0 signals
2026-05-26 08:37:10,243 [WARNING] screener — No data for VEDL
2026-05-26 08:37:10,244 [INFO] screener — [196/201] VEDL: 0 signals
2026-05-26 08:37:11,897 [WARNING] screener — No data for IDEA
2026-05-26 08:37:11,897 [INFO] screener — [197/201] IDEA: 0 signals
2026-05-26 08:37:13,545 [WARNING] screener — No data for VOLTAS
2026-05-26 08:37:13,545 [INFO] screener — [198/201] VOLTAS: 0 signals
2026-05-26 08:37:15,253 [WARNING] screener — No data for WIPRO
2026-05-26 08:37:15,254 [INFO] screener — [199/201] WIPRO: 0 signals
2026-05-26 08:37:16,924 [WARNING] screener — No data for RVNL
2026-05-26 08:37:16,925 [INFO] screener — [200/201] RVNL: 0 signals
2026-05-26 08:37:18,625 [WARNING] screener — No data for ZYDUSLIFE
2026-05-26 08:37:18,625 [INFO] screener — [201/201] ZYDUSLIFE: 0 signals
2026-05-26 08:37:20,208 [INFO] watchfiles.main — 2 changes detected
2026-05-26 08:37:51,980 [INFO] screener — Loaded 201 tickers from tickers.csv
2026-05-26 08:37:51,980 [INFO] screener — Starting OTM premium scan for 201 symbols...
2026-05-26 08:37:53,246 [WARNING] screener — No data for ACC
2026-05-26 08:37:53,246 [INFO] screener — [1/201] ACC: 0 signals
2026-05-26 08:37:54,929 [WARNING] screener — No data for APLAPOLLO
2026-05-26 08:37:54,929 [INFO] screener — [2/201] APLAPOLLO: 0 signals
2026-05-26 08:37:56,612 [WARNING] screener — No data for AUBANK
2026-05-26 08:37:56,612 [INFO] screener — [3/201] AUBANK: 0 signals
2026-05-26 08:37:58,242 [WARNING] screener — No data for AARTIIND
2026-05-26 08:37:58,243 [INFO] screener — [4/201] AARTIIND: 0 signals
2026-05-26 08:37:59,948 [WARNING] screener — No data for ADANIENSOL
2026-05-26 08:37:59,949 [INFO] screener — [5/201] ADANIENSOL: 0 signals
2026-05-26 08:38:01,647 [WARNING] screener — No data for ADANIENT
2026-05-26 08:38:01,647 [INFO] screener — [6/201] ADANIENT: 0 signals
2026-05-26 08:38:03,356 [WARNING] screener — No data for ADANIGREEN
2026-05-26 08:38:03,356 [INFO] screener — [7/201] ADANIGREEN: 0 signals
2026-05-26 08:38:05,036 [WARNING] screener — No data for ADANIPORTS
2026-05-26 08:38:05,037 [INFO] screener — [8/201] ADANIPORTS: 0 signals
2026-05-26 08:38:06,666 [WARNING] screener — No data for ATGL
2026-05-26 08:38:06,666 [INFO] screener — [9/201] ATGL: 0 signals
2026-05-26 08:38:08,326 [WARNING] screener — No data for ABCAPITAL
2026-05-26 08:38:08,327 [INFO] screener — [10/201] ABCAPITAL: 0 signals
2026-05-26 08:38:09,944 [WARNING] screener — No data for ABFRL
2026-05-26 08:38:09,945 [INFO] screener — [11/201] ABFRL: 0 signals
2026-05-26 08:38:11,616 [WARNING] screener — No data for ALKEM
2026-05-26 08:38:11,617 [INFO] screener — [12/201] ALKEM: 0 signals
2026-05-26 08:38:13,332 [WARNING] screener — No data for AMBUJACEM
2026-05-26 08:38:13,332 [INFO] screener — [13/201] AMBUJACEM: 0 signals
2026-05-26 08:38:15,008 [WARNING] screener — No data for ANGELONE
2026-05-26 08:38:15,008 [INFO] screener — [14/201] ANGELONE: 0 signals
2026-05-26 08:38:16,698 [WARNING] screener — No data for APOLLOHOSP
2026-05-26 08:38:16,698 [INFO] screener — [15/201] APOLLOHOSP: 0 signals
2026-05-26 08:38:19,431 [WARNING] screener — No data for ASHOKLEY
2026-05-26 08:38:19,432 [INFO] screener — [16/201] ASHOKLEY: 0 signals
2026-05-26 08:38:21,132 [WARNING] screener — No data for ASIANPAINT
2026-05-26 08:38:21,132 [INFO] screener — [17/201] ASIANPAINT: 0 signals
2026-05-26 08:38:23,765 [WARNING] screener — No data for ASTRAL
2026-05-26 08:38:23,766 [INFO] screener — [18/201] ASTRAL: 0 signals
2026-05-26 08:38:25,441 [WARNING] screener — No data for AUROPHARMA
2026-05-26 08:38:25,441 [INFO] screener — [19/201] AUROPHARMA: 0 signals
2026-05-26 08:38:27,098 [WARNING] screener — No data for DMART
2026-05-26 08:38:27,098 [INFO] screener — [20/201] DMART: 0 signals
2026-05-26 08:38:28,717 [WARNING] screener — No data for AXISBANK
2026-05-26 08:38:28,718 [INFO] screener — [21/201] AXISBANK: 0 signals
2026-05-26 08:38:30,405 [WARNING] screener — No data for BSOFT
2026-05-26 08:38:30,406 [INFO] screener — [22/201] BSOFT: 0 signals
2026-05-26 08:38:32,075 [WARNING] screener — No data for BSE
2026-05-26 08:38:32,075 [INFO] screener — [23/201] BSE: 0 signals
2026-05-26 08:38:33,697 [WARNING] screener — No data for BAJAJ-AUTO
2026-05-26 08:38:33,698 [INFO] screener — [24/201] BAJAJ-AUTO: 0 signals
2026-05-26 08:38:35,311 [WARNING] screener — No data for BAJFINANCE
2026-05-26 08:38:35,311 [INFO] screener — [25/201] BAJFINANCE: 0 signals
2026-05-26 08:38:36,925 [WARNING] screener — No data for BAJAJFINSV
2026-05-26 08:38:36,926 [INFO] screener — [26/201] BAJAJFINSV: 0 signals
2026-05-26 08:38:38,532 [WARNING] screener — No data for BALKRISIND
2026-05-26 08:38:38,532 [INFO] screener — [27/201] BALKRISIND: 0 signals
2026-05-26 08:38:40,211 [WARNING] screener — No data for BANDHANBNK
2026-05-26 08:38:40,212 [INFO] screener — [28/201] BANDHANBNK: 0 signals
2026-05-26 08:38:41,886 [WARNING] screener — No data for BANKBARODA
2026-05-26 08:38:41,886 [INFO] screener — [29/201] BANKBARODA: 0 signals
2026-05-26 08:38:43,541 [WARNING] screener — No data for BANKINDIA
2026-05-26 08:38:43,541 [INFO] screener — [30/201] BANKINDIA: 0 signals
2026-05-26 08:38:45,173 [WARNING] screener — No data for BEL
2026-05-26 08:38:45,173 [INFO] screener — [31/201] BEL: 0 signals
2026-05-26 08:38:46,781 [WARNING] screener — No data for BHARATFORG
2026-05-26 08:38:46,781 [INFO] screener — [32/201] BHARATFORG: 0 signals
2026-05-26 08:38:48,513 [WARNING] screener — No data for BHEL
2026-05-26 08:38:48,513 [INFO] screener — [33/201] BHEL: 0 signals
2026-05-26 08:38:50,165 [WARNING] screener — No data for BPCL
2026-05-26 08:38:50,166 [INFO] screener — [34/201] BPCL: 0 signals
2026-05-26 08:38:52,821 [WARNING] screener — No data for BHARTIARTL
2026-05-26 08:38:52,822 [INFO] screener — [35/201] BHARTIARTL: 0 signals
2026-05-26 08:38:54,749 [WARNING] screener — No data for BIOCON
2026-05-26 08:38:54,749 [INFO] screener — [36/201] BIOCON: 0 signals
2026-05-26 08:38:56,441 [WARNING] screener — No data for BOSCHLTD
2026-05-26 08:38:56,441 [INFO] screener — [37/201] BOSCHLTD: 0 signals
2026-05-26 08:38:58,111 [WARNING] screener — No data for BRITANNIA
2026-05-26 08:38:58,111 [INFO] screener — [38/201] BRITANNIA: 0 signals
2026-05-26 08:38:59,721 [WARNING] screener — No data for CESC
2026-05-26 08:38:59,721 [INFO] screener — [39/201] CESC: 0 signals
2026-05-26 08:39:01,387 [WARNING] screener — No data for CGPOWER
2026-05-26 08:39:01,388 [INFO] screener — [40/201] CGPOWER: 0 signals
2026-05-26 08:39:03,081 [WARNING] screener — No data for CANBK
2026-05-26 08:39:03,081 [INFO] screener — [41/201] CANBK: 0 signals
2026-05-26 08:39:04,735 [WARNING] screener — No data for CDSL
2026-05-26 08:39:04,735 [INFO] screener — [42/201] CDSL: 0 signals
2026-05-26 08:39:07,381 [WARNING] screener — No data for CHAMBLFERT
2026-05-26 08:39:07,381 [INFO] screener — [43/201] CHAMBLFERT: 0 signals
2026-05-26 08:39:09,037 [WARNING] screener — No data for CHOLAFIN
2026-05-26 08:39:09,038 [INFO] screener — [44/201] CHOLAFIN: 0 signals
2026-05-26 08:39:10,705 [WARNING] screener — No data for CIPLA
2026-05-26 08:39:10,706 [INFO] screener — [45/201] CIPLA: 0 signals
2026-05-26 08:39:12,355 [WARNING] screener — No data for COALINDIA
2026-05-26 08:39:12,355 [INFO] screener — [46/201] COALINDIA: 0 signals
2026-05-26 08:39:14,011 [WARNING] screener — No data for COFORGE
2026-05-26 08:39:14,012 [INFO] screener — [47/201] COFORGE: 0 signals
2026-05-26 08:39:15,670 [WARNING] screener — No data for COLPAL
2026-05-26 08:39:15,670 [INFO] screener — [48/201] COLPAL: 0 signals
2026-05-26 08:39:17,317 [WARNING] screener — No data for CAMS
2026-05-26 08:39:17,317 [INFO] screener — [49/201] CAMS: 0 signals
2026-05-26 08:39:18,975 [WARNING] screener — No data for CONCOR
2026-05-26 08:39:18,975 [INFO] screener — [50/201] CONCOR: 0 signals
2026-05-26 08:39:20,631 [WARNING] screener — No data for CROMPTON
2026-05-26 08:39:20,631 [INFO] screener — [51/201] CROMPTON: 0 signals
2026-05-26 08:39:22,285 [WARNING] screener — No data for CUMMINSIND
2026-05-26 08:39:22,285 [INFO] screener — [52/201] CUMMINSIND: 0 signals
2026-05-26 08:39:23,897 [WARNING] screener — No data for CYIENT
2026-05-26 08:39:23,897 [INFO] screener — [53/201] CYIENT: 0 signals
2026-05-26 08:39:25,576 [WARNING] screener — No data for DLF
2026-05-26 08:39:25,577 [INFO] screener — [54/201] DLF: 0 signals
2026-05-26 08:39:27,210 [WARNING] screener — No data for DABUR
2026-05-26 08:39:27,211 [INFO] screener — [55/201] DABUR: 0 signals
2026-05-26 08:39:28,880 [WARNING] screener — No data for DALBHARAT
2026-05-26 08:39:28,880 [INFO] screener — [56/201] DALBHARAT: 0 signals
2026-05-26 08:39:30,541 [WARNING] screener — No data for DELHIVERY
2026-05-26 08:39:30,541 [INFO] screener — [57/201] DELHIVERY: 0 signals
2026-05-26 08:39:32,141 [WARNING] screener — No data for DIVISLAB
2026-05-26 08:39:32,141 [INFO] screener — [58/201] DIVISLAB: 0 signals
2026-05-26 08:39:33,852 [WARNING] screener — No data for DIXON
2026-05-26 08:39:33,853 [INFO] screener — [59/201] DIXON: 0 signals
2026-05-26 08:39:35,451 [WARNING] screener — No data for DRREDDY
2026-05-26 08:39:35,451 [INFO] screener — [60/201] DRREDDY: 0 signals
2026-05-26 08:39:37,046 [WARNING] screener — No data for EICHERMOT
2026-05-26 08:39:37,047 [INFO] screener — [61/201] EICHERMOT: 0 signals
2026-05-26 08:39:38,714 [WARNING] screener — No data for EXIDEIND
2026-05-26 08:39:38,715 [INFO] screener — [62/201] EXIDEIND: 0 signals
2026-05-26 08:39:40,354 [WARNING] screener — No data for NYKAA
2026-05-26 08:39:40,354 [INFO] screener — [63/201] NYKAA: 0 signals
2026-05-26 08:39:42,036 [WARNING] screener — No data for GAIL
2026-05-26 08:39:42,037 [INFO] screener — [64/201] GAIL: 0 signals
2026-05-26 08:39:43,696 [WARNING] screener — No data for GMRAIRPORT
2026-05-26 08:39:43,696 [INFO] screener — [65/201] GMRAIRPORT: 0 signals
2026-05-26 08:39:45,354 [WARNING] screener — No data for GLENMARK
2026-05-26 08:39:45,355 [INFO] screener — [66/201] GLENMARK: 0 signals
2026-05-26 08:39:47,026 [WARNING] screener — No data for GODREJCP
2026-05-26 08:39:47,027 [INFO] screener — [67/201] GODREJCP: 0 signals
2026-05-26 08:39:48,684 [WARNING] screener — No data for GODREJPROP
2026-05-26 08:39:48,685 [INFO] screener — [68/201] GODREJPROP: 0 signals
2026-05-26 08:39:50,292 [WARNING] screener — No data for GRANULES
2026-05-26 08:39:50,293 [INFO] screener — [69/201] GRANULES: 0 signals
2026-05-26 08:39:51,949 [WARNING] screener — No data for GRASIM
2026-05-26 08:39:51,950 [INFO] screener — [70/201] GRASIM: 0 signals
2026-05-26 08:39:53,544 [WARNING] screener — No data for HCLTECH
2026-05-26 08:39:53,545 [INFO] screener — [71/201] HCLTECH: 0 signals
2026-05-26 08:39:55,220 [WARNING] screener — No data for HDFCAMC
2026-05-26 08:39:55,221 [INFO] screener — [72/201] HDFCAMC: 0 signals
2026-05-26 08:39:56,837 [WARNING] screener — No data for HDFCBANK
2026-05-26 08:39:56,838 [INFO] screener — [73/201] HDFCBANK: 0 signals
2026-05-26 08:39:58,436 [WARNING] screener — No data for HDFCLIFE
2026-05-26 08:39:58,436 [INFO] screener — [74/201] HDFCLIFE: 0 signals
2026-05-26 08:40:00,036 [WARNING] screener — No data for HFCL
2026-05-26 08:40:00,036 [INFO] screener — [75/201] HFCL: 0 signals
2026-05-26 08:40:01,719 [WARNING] screener — No data for HAVELLS
2026-05-26 08:40:01,719 [INFO] screener — [76/201] HAVELLS: 0 signals
2026-05-26 08:40:03,385 [WARNING] screener — No data for HEROMOTOCO
2026-05-26 08:40:03,386 [INFO] screener — [77/201] HEROMOTOCO: 0 signals
2026-05-26 08:40:05,066 [WARNING] screener — No data for HINDALCO
2026-05-26 08:40:05,066 [INFO] screener — [78/201] HINDALCO: 0 signals
2026-05-26 08:40:06,790 [WARNING] screener — No data for HAL
2026-05-26 08:40:06,791 [INFO] screener — [79/201] HAL: 0 signals
2026-05-26 08:40:08,406 [WARNING] screener — No data for HINDCOPPER
2026-05-26 08:40:08,406 [INFO] screener — [80/201] HINDCOPPER: 0 signals
2026-05-26 08:40:10,056 [WARNING] screener — No data for HINDPETRO
2026-05-26 08:40:10,056 [INFO] screener — [81/201] HINDPETRO: 0 signals
2026-05-26 08:40:11,674 [WARNING] screener — No data for HINDUNILVR
2026-05-26 08:40:11,675 [INFO] screener — [82/201] HINDUNILVR: 0 signals
2026-05-26 08:40:13,284 [WARNING] screener — No data for HUDCO
2026-05-26 08:40:13,284 [INFO] screener — [83/201] HUDCO: 0 signals
2026-05-26 08:40:14,890 [WARNING] screener — No data for ICICIBANK
2026-05-26 08:40:14,890 [INFO] screener — [84/201] ICICIBANK: 0 signals
2026-05-26 08:40:16,539 [WARNING] screener — No data for ICICIGI
2026-05-26 08:40:16,540 [INFO] screener — [85/201] ICICIGI: 0 signals
2026-05-26 08:40:18,208 [WARNING] screener — No data for ICICIPRULI
2026-05-26 08:40:18,208 [INFO] screener — [86/201] ICICIPRULI: 0 signals
2026-05-26 08:40:19,847 [WARNING] screener — No data for IDFCFIRSTB
2026-05-26 08:40:19,848 [INFO] screener — [87/201] IDFCFIRSTB: 0 signals
2026-05-26 08:40:21,459 [WARNING] screener — No data for IIFL
2026-05-26 08:40:21,459 [INFO] screener — [88/201] IIFL: 0 signals
2026-05-26 08:40:23,080 [WARNING] screener — No data for IRB
2026-05-26 08:40:23,080 [INFO] screener — [89/201] IRB: 0 signals
2026-05-26 08:40:24,764 [WARNING] screener — No data for ITC
2026-05-26 08:40:24,764 [INFO] screener — [90/201] ITC: 0 signals
2026-05-26 08:40:26,420 [WARNING] screener — No data for INDIANB
2026-05-26 08:40:26,420 [INFO] screener — [91/201] INDIANB: 0 signals
2026-05-26 08:40:28,086 [WARNING] screener — No data for IEX
2026-05-26 08:40:28,087 [INFO] screener — [92/201] IEX: 0 signals
2026-05-26 08:40:29,778 [WARNING] screener — No data for IOC
2026-05-26 08:40:29,778 [INFO] screener — [93/201] IOC: 0 signals
2026-05-26 08:40:31,385 [WARNING] screener — No data for IRCTC
2026-05-26 08:40:31,386 [INFO] screener — [94/201] IRCTC: 0 signals
2026-05-26 08:40:33,048 [WARNING] screener — No data for IRFC
2026-05-26 08:40:33,048 [INFO] screener — [95/201] IRFC: 0 signals
2026-05-26 08:40:34,727 [WARNING] screener — No data for IREDA
2026-05-26 08:40:34,728 [INFO] screener — [96/201] IREDA: 0 signals
2026-05-26 08:40:36,327 [WARNING] screener — No data for IGL
2026-05-26 08:40:36,328 [INFO] screener — [97/201] IGL: 0 signals
2026-05-26 08:40:37,934 [WARNING] screener — No data for INDUSTOWER
2026-05-26 08:40:37,934 [INFO] screener — [98/201] INDUSTOWER: 0 signals
2026-05-26 08:40:39,589 [WARNING] screener — No data for INDUSINDBK
2026-05-26 08:40:39,590 [INFO] screener — [99/201] INDUSINDBK: 0 signals
2026-05-26 08:40:41,252 [WARNING] screener — No data for NAUKRI
2026-05-26 08:40:41,253 [INFO] screener — [100/201] NAUKRI: 0 signals
2026-05-26 08:40:42,939 [WARNING] screener — No data for INFY
2026-05-26 08:40:42,939 [INFO] screener — [101/201] INFY: 0 signals
2026-05-26 08:40:44,655 [WARNING] screener — No data for INDIGO
2026-05-26 08:40:44,655 [INFO] screener — [102/201] INDIGO: 0 signals
2026-05-26 08:40:46,293 [WARNING] screener — No data for JSWENERGY
2026-05-26 08:40:46,294 [INFO] screener — [103/201] JSWENERGY: 0 signals
2026-05-26 08:40:47,963 [WARNING] screener — No data for JSWSTEEL
2026-05-26 08:40:47,964 [INFO] screener — [104/201] JSWSTEEL: 0 signals
2026-05-26 08:40:49,572 [WARNING] screener — No data for JSL
2026-05-26 08:40:49,572 [INFO] screener — [105/201] JSL: 0 signals
2026-05-26 08:40:51,239 [WARNING] screener — No data for JINDALSTEL
2026-05-26 08:40:51,240 [INFO] screener — [106/201] JINDALSTEL: 0 signals
2026-05-26 08:40:52,907 [WARNING] screener — No data for JIOFIN
2026-05-26 08:40:52,908 [INFO] screener — [107/201] JIOFIN: 0 signals
2026-05-26 08:40:54,659 [WARNING] screener — No data for JUBLFOOD
2026-05-26 08:40:54,660 [INFO] screener — [108/201] JUBLFOOD: 0 signals
2026-05-26 08:40:56,316 [WARNING] screener — No data for KEI
2026-05-26 08:40:56,316 [INFO] screener — [109/201] KEI: 0 signals
2026-05-26 08:40:57,973 [WARNING] screener — No data for KPITTECH
2026-05-26 08:40:57,974 [INFO] screener — [110/201] KPITTECH: 0 signals
2026-05-26 08:40:59,645 [WARNING] screener — No data for KALYANKJIL
2026-05-26 08:40:59,646 [INFO] screener — [111/201] KALYANKJIL: 0 signals
2026-05-26 08:41:01,307 [WARNING] screener — No data for KOTAKBANK
2026-05-26 08:41:01,308 [INFO] screener — [112/201] KOTAKBANK: 0 signals
2026-05-26 08:41:02,913 [WARNING] screener — No data for LTF
2026-05-26 08:41:02,913 [INFO] screener — [113/201] LTF: 0 signals
2026-05-26 08:41:04,667 [WARNING] screener — No data for LICHSGFIN
2026-05-26 08:41:04,667 [INFO] screener — [114/201] LICHSGFIN: 0 signals
2026-05-26 08:41:06,283 [WARNING] screener — No data for LTIM
2026-05-26 08:41:06,284 [INFO] screener — [115/201] LTIM: 0 signals
2026-05-26 08:41:07,899 [WARNING] screener — No data for LT
2026-05-26 08:41:07,899 [INFO] screener — [116/201] LT: 0 signals
2026-05-26 08:41:09,572 [WARNING] screener — No data for LAURUSLABS
2026-05-26 08:41:09,573 [INFO] screener — [117/201] LAURUSLABS: 0 signals
2026-05-26 08:41:11,195 [WARNING] screener — No data for LICI
2026-05-26 08:41:11,195 [INFO] screener — [118/201] LICI: 0 signals
2026-05-26 08:41:12,869 [WARNING] screener — No data for LUPIN
2026-05-26 08:41:12,870 [INFO] screener — [119/201] LUPIN: 0 signals
2026-05-26 08:41:14,679 [WARNING] screener — No data for LODHA
2026-05-26 08:41:14,679 [INFO] screener — [120/201] LODHA: 0 signals
2026-05-26 08:41:16,316 [WARNING] screener — No data for MGL
2026-05-26 08:41:16,317 [INFO] screener — [121/201] MGL: 0 signals
2026-05-26 08:41:19,169 [WARNING] screener — No data for MANAPPURAM
2026-05-26 08:41:19,169 [INFO] screener — [122/201] MANAPPURAM: 0 signals
2026-05-26 08:41:20,924 [WARNING] screener — No data for MARICO
2026-05-26 08:41:20,925 [INFO] screener — [123/201] MARICO: 0 signals
2026-05-26 08:41:23,804 [WARNING] screener — No data for MARUTI
2026-05-26 08:41:23,805 [INFO] screener — [124/201] MARUTI: 0 signals
2026-05-26 08:41:25,492 [WARNING] screener — No data for MFSL
2026-05-26 08:41:25,493 [INFO] screener — [125/201] MFSL: 0 signals
2026-05-26 08:41:27,117 [WARNING] screener — No data for MAXHEALTH
2026-05-26 08:41:27,117 [INFO] screener — [126/201] MAXHEALTH: 0 signals
2026-05-26 08:41:28,777 [WARNING] screener — No data for MPHASIS
2026-05-26 08:41:28,778 [INFO] screener — [127/201] MPHASIS: 0 signals
2026-05-26 08:41:30,418 [WARNING] screener — No data for MCX
2026-05-26 08:41:30,419 [INFO] screener — [128/201] MCX: 0 signals
2026-05-26 08:41:32,057 [WARNING] screener — No data for MUTHOOTFIN
2026-05-26 08:41:32,057 [INFO] screener — [129/201] MUTHOOTFIN: 0 signals
2026-05-26 08:41:33,674 [WARNING] screener — No data for NBCC
2026-05-26 08:41:33,674 [INFO] screener — [130/201] NBCC: 0 signals
2026-05-26 08:41:35,290 [WARNING] screener — No data for NCC
2026-05-26 08:41:35,290 [INFO] screener — [131/201] NCC: 0 signals
2026-05-26 08:41:36,952 [WARNING] screener — No data for NHPC
2026-05-26 08:41:36,952 [INFO] screener — [132/201] NHPC: 0 signals
2026-05-26 08:41:38,634 [WARNING] screener — No data for NMDC
2026-05-26 08:41:38,634 [INFO] screener — [133/201] NMDC: 0 signals
2026-05-26 08:41:40,304 [WARNING] screener — No data for NTPC
2026-05-26 08:41:40,305 [INFO] screener — [134/201] NTPC: 0 signals
2026-05-26 08:41:41,988 [WARNING] screener — No data for NATIONALUM
2026-05-26 08:41:41,988 [INFO] screener — [135/201] NATIONALUM: 0 signals
2026-05-26 08:41:43,662 [WARNING] screener — No data for NESTLEIND
2026-05-26 08:41:43,662 [INFO] screener — [136/201] NESTLEIND: 0 signals
2026-05-26 08:41:45,315 [WARNING] screener — No data for OBEROIRLTY
2026-05-26 08:41:45,315 [INFO] screener — [137/201] OBEROIRLTY: 0 signals
2026-05-26 08:41:46,952 [WARNING] screener — No data for ONGC
2026-05-26 08:41:46,952 [INFO] screener — [138/201] ONGC: 0 signals
2026-05-26 08:41:48,632 [WARNING] screener — No data for OIL
2026-05-26 08:41:48,632 [INFO] screener — [139/201] OIL: 0 signals
2026-05-26 08:41:50,270 [WARNING] screener — No data for OFSS
2026-05-26 08:41:50,271 [INFO] screener — [140/201] OFSS: 0 signals
2026-05-26 08:41:51,892 [WARNING] screener — No data for POLICYBZR
2026-05-26 08:41:51,893 [INFO] screener — [141/201] POLICYBZR: 0 signals
2026-05-26 08:41:53,524 [WARNING] screener — No data for PIIND
2026-05-26 08:41:53,524 [INFO] screener — [142/201] PIIND: 0 signals
2026-05-26 08:41:55,147 [WARNING] screener — No data for PATANJALI
2026-05-26 08:41:55,149 [INFO] screener — [143/201] PATANJALI: 0 signals
2026-05-26 08:41:56,842 [WARNING] screener — No data for PETRONET
2026-05-26 08:41:56,851 [INFO] screener — [144/201] PETRONET: 0 signals
2026-05-26 08:41:58,506 [WARNING] screener — No data for PIDILITIND
2026-05-26 08:41:58,522 [INFO] screener — [145/201] PIDILITIND: 0 signals
2026-05-26 08:42:00,143 [WARNING] screener — No data for PEL
2026-05-26 08:42:00,143 [INFO] screener — [146/201] PEL: 0 signals
2026-05-26 08:42:01,811 [WARNING] screener — No data for POLYCAB
2026-05-26 08:42:01,821 [INFO] screener — [147/201] POLYCAB: 0 signals
2026-05-26 08:42:03,469 [WARNING] screener — No data for POONAWALLA
2026-05-26 08:42:03,470 [INFO] screener — [148/201] POONAWALLA: 0 signals
2026-05-26 08:42:05,159 [WARNING] screener — No data for PFC
2026-05-26 08:42:05,160 [INFO] screener — [149/201] PFC: 0 signals
2026-05-26 08:42:06,795 [WARNING] screener — No data for POWERGRID
2026-05-26 08:42:06,795 [INFO] screener — [150/201] POWERGRID: 0 signals
2026-05-26 08:42:08,460 [WARNING] screener — No data for PRESTIGE
2026-05-26 08:42:08,460 [INFO] screener — [151/201] PRESTIGE: 0 signals
2026-05-26 08:42:10,134 [WARNING] screener — No data for PNB
2026-05-26 08:42:10,135 [INFO] screener — [152/201] PNB: 0 signals
2026-05-26 08:42:11,785 [WARNING] screener — No data for RBLBANK
2026-05-26 08:42:11,785 [INFO] screener — [153/201] RBLBANK: 0 signals
2026-05-26 08:42:11,006 [WARNING] screener — No data for RECLTD
2026-05-26 08:42:11,006 [INFO] screener — [154/201] RECLTD: 0 signals
2026-05-26 08:42:12,605 [WARNING] screener — No data for RELIANCE
2026-05-26 08:42:12,606 [INFO] screener — [155/201] RELIANCE: 0 signals
2026-05-26 08:42:14,266 [WARNING] screener — No data for SBICARD
2026-05-26 08:42:14,267 [INFO] screener — [156/201] SBICARD: 0 signals
2026-05-26 08:42:15,936 [WARNING] screener — No data for SBILIFE
2026-05-26 08:42:15,937 [INFO] screener — [157/201] SBILIFE: 0 signals
2026-05-26 08:42:17,606 [WARNING] screener — No data for SHREECEM
2026-05-26 08:42:17,607 [INFO] screener — [158/201] SHREECEM: 0 signals
2026-05-26 08:42:19,237 [WARNING] screener — No data for SJVN
2026-05-26 08:42:19,238 [INFO] screener — [159/201] SJVN: 0 signals
2026-05-26 08:42:20,934 [WARNING] screener — No data for SRF
2026-05-26 08:42:20,935 [INFO] screener — [160/201] SRF: 0 signals
2026-05-26 08:42:22,634 [WARNING] screener — No data for MOTHERSON
2026-05-26 08:42:22,635 [INFO] screener — [161/201] MOTHERSON: 0 signals
2026-05-26 08:42:24,324 [WARNING] screener — No data for SHRIRAMFIN
2026-05-26 08:42:24,324 [INFO] screener — [162/201] SHRIRAMFIN: 0 signals
2026-05-26 08:42:25,984 [WARNING] screener — No data for SIEMENS
2026-05-26 08:42:25,984 [INFO] screener — [163/201] SIEMENS: 0 signals
2026-05-26 08:42:27,650 [WARNING] screener — No data for SOLARINDS
2026-05-26 08:42:27,650 [INFO] screener — [164/201] SOLARINDS: 0 signals
2026-05-26 08:42:29,329 [WARNING] screener — No data for SONACOMS
2026-05-26 08:42:29,330 [INFO] screener — [165/201] SONACOMS: 0 signals
2026-05-26 08:42:31,037 [WARNING] screener — No data for SBIN
2026-05-26 08:42:31,037 [INFO] screener — [166/201] SBIN: 0 signals
2026-05-26 08:42:32,747 [WARNING] screener — No data for SAIL
2026-05-26 08:42:32,748 [INFO] screener — [167/201] SAIL: 0 signals
2026-05-26 08:42:34,475 [WARNING] screener — No data for SUNPHARMA
2026-05-26 08:42:34,476 [INFO] screener — [168/201] SUNPHARMA: 0 signals
2026-05-26 08:42:36,150 [WARNING] screener — No data for SUPREMEIND
2026-05-26 08:42:36,150 [INFO] screener — [169/201] SUPREMEIND: 0 signals
2026-05-26 08:42:37,780 [WARNING] screener — No data for SYNGENE
2026-05-26 08:42:37,780 [INFO] screener — [170/201] SYNGENE: 0 signals
2026-05-26 08:42:39,501 [WARNING] screener — No data for TATACONSUM
2026-05-26 08:42:39,502 [INFO] screener — [171/201] TATACONSUM: 0 signals
2026-05-26 08:42:41,128 [WARNING] screener — No data for TITAGARH
2026-05-26 08:42:41,129 [INFO] screener — [172/201] TITAGARH: 0 signals
2026-05-26 08:42:42,886 [WARNING] screener — No data for TVSMOTOR
2026-05-26 08:42:42,886 [INFO] screener — [173/201] TVSMOTOR: 0 signals
2026-05-26 08:42:44,525 [WARNING] screener — No data for TATACHEM
2026-05-26 08:42:44,525 [INFO] screener — [174/201] TATACHEM: 0 signals
2026-05-26 08:42:46,145 [WARNING] screener — No data for TATACOMM
2026-05-26 08:42:46,146 [INFO] screener — [175/201] TATACOMM: 0 signals
2026-05-26 08:42:47,745 [WARNING] screener — No data for TCS
2026-05-26 08:42:47,746 [INFO] screener — [176/201] TCS: 0 signals
2026-05-26 08:42:49,460 [WARNING] screener — No data for TATAELXSI
2026-05-26 08:42:49,460 [INFO] screener — [177/201] TATAELXSI: 0 signals
2026-05-26 08:42:51,145 [WARNING] screener — No data for TATAMOTORS
2026-05-26 08:42:51,146 [INFO] screener — [178/201] TATAMOTORS: 0 signals
2026-05-26 08:42:53,185 [WARNING] screener — No data for TATAPOWER
2026-05-26 08:42:53,185 [INFO] screener — [179/201] TATAPOWER: 0 signals
2026-05-26 08:42:54,858 [WARNING] screener — No data for TATASTEEL
2026-05-26 08:42:54,858 [INFO] screener — [180/201] TATASTEEL: 0 signals
2026-05-26 08:42:56,495 [WARNING] screener — No data for TATATECH
2026-05-26 08:42:56,496 [INFO] screener — [181/201] TATATECH: 0 signals
2026-05-26 08:42:58,183 [WARNING] screener — No data for TECHM
2026-05-26 08:42:58,184 [INFO] screener — [182/201] TECHM: 0 signals
2026-05-26 08:42:59,875 [WARNING] screener — No data for FEDERALBNK
2026-05-26 08:42:59,876 [INFO] screener — [183/201] FEDERALBNK: 0 signals
2026-05-26 08:43:01,535 [WARNING] screener — No data for INDHOTEL
2026-05-26 08:43:01,536 [INFO] screener — [184/201] INDHOTEL: 0 signals
2026-05-26 08:43:03,201 [WARNING] screener — No data for PHOENIXLTD
2026-05-26 08:43:03,201 [INFO] screener — [185/201] PHOENIXLTD: 0 signals
2026-05-26 08:43:04,831 [WARNING] screener — No data for TITAN
2026-05-26 08:43:04,831 [INFO] screener — [186/201] TITAN: 0 signals
2026-05-26 08:43:06,499 [WARNING] screener — No data for TORNTPHARM
2026-05-26 08:43:06,499 [INFO] screener — [187/201] TORNTPHARM: 0 signals
2026-05-26 08:43:08,123 [WARNING] screener — No data for TORNTPOWER
2026-05-26 08:43:08,123 [INFO] screener — [188/201] TORNTPOWER: 0 signals
2026-05-26 08:43:09,783 [WARNING] screener — No data for TRENT
2026-05-26 08:43:09,784 [INFO] screener — [189/201] TRENT: 0 signals
2026-05-26 08:43:11,469 [WARNING] screener — No data for TIINDIA
2026-05-26 08:43:11,469 [INFO] screener — [190/201] TIINDIA: 0 signals
2026-05-26 08:43:13,159 [WARNING] screener — No data for UPL
2026-05-26 08:43:13,159 [INFO] screener — [191/201] UPL: 0 signals
2026-05-26 08:43:14,861 [WARNING] screener — No data for ULTRACEMCO
2026-05-26 08:43:14,862 [INFO] screener — [192/201] ULTRACEMCO: 0 signals
2026-05-26 08:43:16,593 [WARNING] screener — No data for UNIONBANK
2026-05-26 08:43:16,594 [INFO] screener — [193/201] UNIONBANK: 0 signals
2026-05-26 08:43:18,285 [WARNING] screener — No data for UNITDSPR
2026-05-26 08:43:18,285 [INFO] screener — [194/201] UNITDSPR: 0 signals
2026-05-26 08:43:20,015 [WARNING] screener — No data for VBL
2026-05-26 08:43:20,015 [INFO] screener — [195/201] VBL: 0 signals
2026-05-26 08:43:22,265 [WARNING] screener — No data for VEDL
2026-05-26 08:43:22,265 [INFO] screener — [196/201] VEDL: 0 signals
2026-05-26 08:43:23,917 [WARNING] screener — No data for IDEA
2026-05-26 08:43:23,917 [INFO] screener — [197/201] IDEA: 0 signals
2026-05-26 08:43:25,598 [WARNING] screener — No data for VOLTAS
2026-05-26 08:43:25,598 [INFO] screener — [198/201] VOLTAS: 0 signals
2026-05-26 08:43:27,211 [WARNING] screener — No data for WIPRO
2026-05-26 08:43:27,212 [INFO] screener — [199/201] WIPRO: 0 signals
2026-05-26 08:43:28,922 [WARNING] screener — No data for RVNL
2026-05-26 08:43:28,923 [INFO] screener — [200/201] RVNL: 0 signals
2026-05-26 08:43:30,614 [WARNING] screener — No data for ZYDUSLIFE
2026-05-26 08:43:30,615 [INFO] screener — [201/201] ZYDUSLIFE: 0 signals
2026-05-26 08:43:32,178 [INFO] watchfiles.main — 2 changes detected
2026-05-26 08:56:43,153 [INFO] screener — Loaded 201 tickers from tickers.csv
2026-05-26 08:56:43,153 [INFO] screener — Starting OTM premium scan for 201 symbols...
2026-05-26 08:56:44,415 [WARNING] screener — No data for ACC
2026-05-26 08:56:44,416 [INFO] screener — [1/201] ACC: 0 signals
2026-05-26 08:56:46,085 [WARNING] screener — No data for APLAPOLLO
2026-05-26 08:56:46,086 [INFO] screener — [2/201] APLAPOLLO: 0 signals
2026-05-26 08:56:47,699 [WARNING] screener — No data for AUBANK
2026-05-26 08:56:47,700 [INFO] screener — [3/201] AUBANK: 0 signals
2026-05-26 08:56:49,299 [WARNING] screener — No data for AARTIIND
2026-05-26 08:56:49,299 [INFO] screener — [4/201] AARTIIND: 0 signals
2026-05-26 08:56:50,936 [WARNING] screener — No data for ADANIENSOL
2026-05-26 08:56:50,936 [INFO] screener — [5/201] ADANIENSOL: 0 signals
2026-05-26 08:56:52,697 [WARNING] screener — No data for ADANIENT
2026-05-26 08:56:52,698 [INFO] screener — [6/201] ADANIENT: 0 signals
2026-05-26 08:56:54,315 [WARNING] screener — No data for ADANIGREEN
2026-05-26 08:56:54,316 [INFO] screener — [7/201] ADANIGREEN: 0 signals
2026-05-26 08:56:55,916 [WARNING] screener — No data for ADANIPORTS
2026-05-26 08:56:55,916 [INFO] screener — [8/201] ADANIPORTS: 0 signals
2026-05-26 08:56:57,519 [WARNING] screener — No data for ATGL
2026-05-26 08:56:57,520 [INFO] screener — [9/201] ATGL: 0 signals
2026-05-26 08:56:59,152 [WARNING] screener — No data for ABCAPITAL
2026-05-26 08:56:59,155 [INFO] screener — [10/201] ABCAPITAL: 0 signals
2026-05-26 08:57:00,777 [WARNING] screener — No data for ABFRL
2026-05-26 08:57:00,778 [INFO] screener — [11/201] ABFRL: 0 signals
2026-05-26 08:57:02,379 [WARNING] screener — No data for ALKEM
2026-05-26 08:57:02,379 [INFO] screener — [12/201] ALKEM: 0 signals
2026-05-26 08:57:04,057 [WARNING] screener — No data for AMBUJACEM
2026-05-26 08:57:04,058 [INFO] screener — [13/201] AMBUJACEM: 0 signals
2026-05-26 08:57:05,679 [WARNING] screener — No data for ANGELONE
2026-05-26 08:57:05,679 [INFO] screener — [14/201] ANGELONE: 0 signals
2026-05-26 08:57:07,307 [WARNING] screener — No data for APOLLOHOSP
2026-05-26 08:57:07,307 [INFO] screener — [15/201] APOLLOHOSP: 0 signals
2026-05-26 08:57:08,917 [WARNING] screener — No data for ASHOKLEY
2026-05-26 08:57:08,917 [INFO] screener — [16/201] ASHOKLEY: 0 signals
2026-05-26 08:57:10,575 [WARNING] screener — No data for ASIANPAINT
2026-05-26 08:57:10,576 [INFO] screener — [17/201] ASIANPAINT: 0 signals
2026-05-26 08:57:12,244 [WARNING] screener — No data for ASTRAL
2026-05-26 08:57:12,244 [INFO] screener — [18/201] ASTRAL: 0 signals
2026-05-26 08:57:14,295 [WARNING] screener — No data for AUROPHARMA
2026-05-26 08:57:14,295 [INFO] screener — [19/201] AUROPHARMA: 0 signals
2026-05-26 08:57:15,939 [WARNING] screener — No data for DMART
2026-05-26 08:57:15,940 [INFO] screener — [20/201] DMART: 0 signals
2026-05-26 08:57:17,551 [WARNING] screener — No data for AXISBANK
2026-05-26 08:57:17,551 [INFO] screener — [21/201] AXISBANK: 0 signals
2026-05-26 08:57:19,155 [WARNING] screener — No data for BSOFT
2026-05-26 08:57:19,155 [INFO] screener — [22/201] BSOFT: 0 signals
2026-05-26 08:57:20,802 [WARNING] screener — No data for BSE
2026-05-26 08:57:20,803 [INFO] screener — [23/201] BSE: 0 signals
2026-05-26 08:57:22,429 [WARNING] screener — No data for BAJAJ-AUTO
2026-05-26 08:57:22,429 [INFO] screener — [24/201] BAJAJ-AUTO: 0 signals
2026-05-26 08:57:24,068 [WARNING] screener — No data for BAJFINANCE
2026-05-26 08:57:24,069 [INFO] screener — [25/201] BAJFINANCE: 0 signals
2026-05-26 08:57:25,702 [WARNING] screener — No data for BAJAJFINSV
2026-05-26 08:57:25,703 [INFO] screener — [26/201] BAJAJFINSV: 0 signals
2026-05-26 08:57:27,330 [WARNING] screener — No data for BALKRISIND
2026-05-26 08:57:27,331 [INFO] screener — [27/201] BALKRISIND: 0 signals
2026-05-26 08:57:28,949 [WARNING] screener — No data for BANDHANBNK
2026-05-26 08:57:28,949 [INFO] screener — [28/201] BANDHANBNK: 0 signals
2026-05-26 08:57:30,570 [WARNING] screener — No data for BANKBARODA
2026-05-26 08:57:30,571 [INFO] screener — [29/201] BANKBARODA: 0 signals
2026-05-26 08:57:32,169 [WARNING] screener — No data for BANKINDIA
2026-05-26 08:57:32,169 [INFO] screener — [30/201] BANKINDIA: 0 signals
2026-05-26 08:57:33,794 [WARNING] screener — No data for BEL
2026-05-26 08:57:33,795 [INFO] screener — [31/201] BEL: 0 signals
2026-05-26 08:57:35,430 [WARNING] screener — No data for BHARATFORG
2026-05-26 08:57:35,431 [INFO] screener — [32/201] BHARATFORG: 0 signals
2026-05-26 08:57:37,200 [WARNING] screener — No data for BHEL
2026-05-26 08:57:37,201 [INFO] screener — [33/201] BHEL: 0 signals
2026-05-26 08:57:38,828 [WARNING] screener — No data for BPCL
2026-05-26 08:57:38,829 [INFO] screener — [34/201] BPCL: 0 signals
2026-05-26 08:57:40,480 [WARNING] screener — No data for BHARTIARTL
2026-05-26 08:57:40,480 [INFO] screener — [35/201] BHARTIARTL: 0 signals
2026-05-26 08:57:42,190 [WARNING] screener — No data for BIOCON
2026-05-26 08:57:42,190 [INFO] screener — [36/201] BIOCON: 0 signals
2026-05-26 08:57:43,904 [WARNING] screener — No data for BOSCHLTD
2026-05-26 08:57:43,904 [INFO] screener — [37/201] BOSCHLTD: 0 signals
2026-05-26 08:57:45,530 [WARNING] screener — No data for BRITANNIA
2026-05-26 08:57:45,531 [INFO] screener — [38/201] BRITANNIA: 0 signals
2026-05-26 08:57:47,156 [WARNING] screener — No data for CESC
2026-05-26 08:57:47,157 [INFO] screener — [39/201] CESC: 0 signals
2026-05-26 08:57:48,838 [WARNING] screener — No data for CGPOWER
2026-05-26 08:57:48,838 [INFO] screener — [40/201] CGPOWER: 0 signals
2026-05-26 08:57:50,524 [WARNING] screener — No data for CANBK
2026-05-26 08:57:50,525 [INFO] screener — [41/201] CANBK: 0 signals
2026-05-26 08:57:52,184 [WARNING] screener — No data for CDSL
2026-05-26 08:57:52,184 [INFO] screener — [42/201] CDSL: 0 signals
2026-05-26 08:57:53,804 [WARNING] screener — No data for CHAMBLFERT
2026-05-26 08:57:53,804 [INFO] screener — [43/201] CHAMBLFERT: 0 signals
2026-05-26 08:57:55,475 [WARNING] screener — No data for CHOLAFIN
2026-05-26 08:57:55,476 [INFO] screener — [44/201] CHOLAFIN: 0 signals
2026-05-26 08:57:57,139 [WARNING] screener — No data for CIPLA
2026-05-26 08:57:57,139 [INFO] screener — [45/201] CIPLA: 0 signals
2026-05-26 08:57:58,758 [WARNING] screener — No data for COALINDIA
2026-05-26 08:57:58,759 [INFO] screener — [46/201] COALINDIA: 0 signals
2026-05-26 08:58:00,380 [WARNING] screener — No data for COFORGE
2026-05-26 08:58:00,380 [INFO] screener — [47/201] COFORGE: 0 signals
2026-05-26 08:58:02,203 [WARNING] screener — No data for COLPAL
2026-05-26 08:58:02,204 [INFO] screener — [48/201] COLPAL: 0 signals
2026-05-26 08:58:03,854 [WARNING] screener — No data for CAMS
2026-05-26 08:58:03,854 [INFO] screener — [49/201] CAMS: 0 signals
2026-05-26 08:58:05,504 [WARNING] screener — No data for CONCOR
2026-05-26 08:58:05,504 [INFO] screener — [50/201] CONCOR: 0 signals
2026-05-26 08:58:07,128 [WARNING] screener — No data for CROMPTON
2026-05-26 08:58:07,128 [INFO] screener — [51/201] CROMPTON: 0 signals
2026-05-26 08:58:08,748 [WARNING] screener — No data for CUMMINSIND
2026-05-26 08:58:08,749 [INFO] screener — [52/201] CUMMINSIND: 0 signals
2026-05-26 08:58:10,350 [WARNING] screener — No data for CYIENT
2026-05-26 08:58:10,351 [INFO] screener — [53/201] CYIENT: 0 signals
2026-05-26 08:58:11,970 [WARNING] screener — No data for DLF
2026-05-26 08:58:11,970 [INFO] screener — [54/201] DLF: 0 signals
2026-05-26 08:58:13,633 [WARNING] screener — No data for DABUR
2026-05-26 08:58:13,633 [INFO] screener — [55/201] DABUR: 0 signals
2026-05-26 08:58:15,253 [WARNING] screener — No data for DALBHARAT
2026-05-26 08:58:15,253 [INFO] screener — [56/201] DALBHARAT: 0 signals
2026-05-26 08:58:16,907 [WARNING] screener — No data for DELHIVERY
2026-05-26 08:58:16,908 [INFO] screener — [57/201] DELHIVERY: 0 signals
2026-05-26 08:58:18,529 [WARNING] screener — No data for DIVISLAB
2026-05-26 08:58:18,530 [INFO] screener — [58/201] DIVISLAB: 0 signals
2026-05-26 08:58:20,203 [WARNING] screener — No data for DIXON
2026-05-26 08:58:20,203 [INFO] screener — [59/201] DIXON: 0 signals
2026-05-26 08:58:22,198 [WARNING] screener — No data for DRREDDY
2026-05-26 08:58:22,198 [INFO] screener — [60/201] DRREDDY: 0 signals
2026-05-26 08:58:23,798 [WARNING] screener — No data for EICHERMOT
2026-05-26 08:58:23,799 [INFO] screener — [61/201] EICHERMOT: 0 signals
2026-05-26 08:58:25,513 [WARNING] screener — No data for EXIDEIND
2026-05-26 08:58:25,513 [INFO] screener — [62/201] EXIDEIND: 0 signals
2026-05-26 08:58:27,167 [WARNING] screener — No data for NYKAA
2026-05-26 08:58:27,168 [INFO] screener — [63/201] NYKAA: 0 signals
2026-05-26 08:58:28,848 [WARNING] screener — No data for GAIL
2026-05-26 08:58:28,848 [INFO] screener — [64/201] GAIL: 0 signals
2026-05-26 08:58:30,489 [WARNING] screener — No data for GMRAIRPORT
2026-05-26 08:58:30,490 [INFO] screener — [65/201] GMRAIRPORT: 0 signals
2026-05-26 08:58:32,194 [WARNING] screener — No data for GLENMARK
2026-05-26 08:58:32,194 [INFO] screener — [66/201] GLENMARK: 0 signals
2026-05-26 08:58:33,869 [WARNING] screener — No data for GODREJCP
2026-05-26 08:58:33,870 [INFO] screener — [67/201] GODREJCP: 0 signals
2026-05-26 08:58:35,527 [WARNING] screener — No data for GODREJPROP
2026-05-26 08:58:35,528 [INFO] screener — [68/201] GODREJPROP: 0 signals
2026-05-26 08:58:37,129 [WARNING] screener — No data for GRANULES
2026-05-26 08:58:37,130 [INFO] screener — [69/201] GRANULES: 0 signals
2026-05-26 08:58:38,800 [WARNING] screener — No data for GRASIM
2026-05-26 08:58:38,800 [INFO] screener — [70/201] GRASIM: 0 signals
2026-05-26 08:58:40,472 [WARNING] screener — No data for HCLTECH
2026-05-26 08:58:40,473 [INFO] screener — [71/201] HCLTECH: 0 signals
2026-05-26 08:58:42,190 [WARNING] screener — No data for HDFCAMC
2026-05-26 08:58:42,190 [INFO] screener — [72/201] HDFCAMC: 0 signals
2026-05-26 08:58:43,799 [WARNING] screener — No data for HDFCBANK
2026-05-26 08:58:43,799 [INFO] screener — [73/201] HDFCBANK: 0 signals
2026-05-26 08:58:45,464 [WARNING] screener — No data for HDFCLIFE
2026-05-26 08:58:45,465 [INFO] screener — [74/201] HDFCLIFE: 0 signals
2026-05-26 08:58:47,071 [WARNING] screener — No data for HFCL
2026-05-26 08:58:47,072 [INFO] screener — [75/201] HFCL: 0 signals
2026-05-26 08:58:48,744 [WARNING] screener — No data for HAVELLS
2026-05-26 08:58:48,745 [INFO] screener — [76/201] HAVELLS: 0 signals
2026-05-26 08:58:50,399 [WARNING] screener — No data for HEROMOTOCO
2026-05-26 08:58:50,400 [INFO] screener — [77/201] HEROMOTOCO: 0 signals
2026-05-26 08:58:52,145 [WARNING] screener — No data for HINDALCO
2026-05-26 08:58:52,146 [INFO] screener — [78/201] HINDALCO: 0 signals
2026-05-26 08:58:53,742 [WARNING] screener — No data for HAL
2026-05-26 08:58:53,743 [INFO] screener — [79/201] HAL: 0 signals
2026-05-26 08:58:55,352 [WARNING] screener — No data for HINDCOPPER
2026-05-26 08:58:55,353 [INFO] screener — [80/201] HINDCOPPER: 0 signals
2026-05-26 08:58:56,957 [WARNING] screener — No data for HINDPETRO
2026-05-26 08:58:56,958 [INFO] screener — [81/201] HINDPETRO: 0 signals
2026-05-26 08:58:58,607 [WARNING] screener — No data for HINDUNILVR
2026-05-26 08:58:58,608 [INFO] screener — [82/201] HINDUNILVR: 0 signals
2026-05-26 08:59:00,213 [WARNING] screener — No data for HUDCO
2026-05-26 08:59:00,213 [INFO] screener — [83/201] HUDCO: 0 signals
2026-05-26 08:59:02,212 [WARNING] screener — No data for ICICIBANK
2026-05-26 08:59:02,212 [INFO] screener — [84/201] ICICIBANK: 0 signals
2026-05-26 08:59:03,869 [WARNING] screener — No data for ICICIGI
2026-05-26 08:59:03,870 [INFO] screener — [85/201] ICICIGI: 0 signals
2026-05-26 08:59:05,477 [WARNING] screener — No data for ICICIPRULI
2026-05-26 08:59:05,477 [INFO] screener — [86/201] ICICIPRULI: 0 signals
2026-05-26 08:59:07,137 [WARNING] screener — No data for IDFCFIRSTB
2026-05-26 08:59:07,138 [INFO] screener — [87/201] IDFCFIRSTB: 0 signals
2026-05-26 08:59:08,759 [WARNING] screener — No data for IIFL
2026-05-26 08:59:08,760 [INFO] screener — [88/201] IIFL: 0 signals
2026-05-26 08:59:10,380 [WARNING] screener — No data for IRB
2026-05-26 08:59:10,381 [INFO] screener — [89/201] IRB: 0 signals
2026-05-26 08:59:12,229 [WARNING] screener — No data for ITC
2026-05-26 08:59:12,229 [INFO] screener — [90/201] ITC: 0 signals
2026-05-26 08:59:13,877 [WARNING] screener — No data for INDIANB
2026-05-26 08:59:13,877 [INFO] screener — [91/201] INDIANB: 0 signals
2026-05-26 08:59:15,546 [WARNING] screener — No data for IEX
2026-05-26 08:59:15,546 [INFO] screener — [92/201] IEX: 0 signals
2026-05-26 08:59:17,223 [WARNING] screener — No data for IOC
2026-05-26 08:59:17,223 [INFO] screener — [93/201] IOC: 0 signals
2026-05-26 08:59:18,826 [WARNING] screener — No data for IRCTC
2026-05-26 08:59:18,827 [INFO] screener — [94/201] IRCTC: 0 signals
2026-05-26 08:59:20,509 [WARNING] screener — No data for IRFC
2026-05-26 08:59:20,509 [INFO] screener — [95/201] IRFC: 0 signals
2026-05-26 08:59:22,230 [WARNING] screener — No data for IREDA
2026-05-26 08:59:22,231 [INFO] screener — [96/201] IREDA: 0 signals
2026-05-26 08:59:23,835 [WARNING] screener — No data for IGL
2026-05-26 08:59:23,836 [INFO] screener — [97/201] IGL: 0 signals
2026-05-26 08:59:25,477 [WARNING] screener — No data for INDUSTOWER
2026-05-26 08:59:25,477 [INFO] screener — [98/201] INDUSTOWER: 0 signals
2026-05-26 08:59:27,150 [WARNING] screener — No data for INDUSINDBK
2026-05-26 08:59:27,150 [INFO] screener — [99/201] INDUSINDBK: 0 signals
2026-05-26 08:59:28,820 [WARNING] screener — No data for NAUKRI
2026-05-26 08:59:28,820 [INFO] screener — [100/201] NAUKRI: 0 signals
2026-05-26 08:59:30,443 [WARNING] screener — No data for INFY
2026-05-26 08:59:30,443 [INFO] screener — [101/201] INFY: 0 signals
2026-05-26 08:59:32,205 [WARNING] screener — No data for INDIGO
2026-05-26 08:59:32,205 [INFO] screener — [102/201] INDIGO: 0 signals
2026-05-26 08:59:33,866 [WARNING] screener — No data for JSWENERGY
2026-05-26 08:59:33,867 [INFO] screener — [103/201] JSWENERGY: 0 signals
2026-05-26 08:59:35,486 [WARNING] screener — No data for JSWSTEEL
2026-05-26 08:59:35,487 [INFO] screener — [104/201] JSWSTEEL: 0 signals
2026-05-26 08:59:37,199 [WARNING] screener — No data for JSL
2026-05-26 08:59:37,199 [INFO] screener — [105/201] JSL: 0 signals
2026-05-26 08:59:38,836 [WARNING] screener — No data for JINDALSTEL
2026-05-26 08:59:38,837 [INFO] screener — [106/201] JINDALSTEL: 0 signals
2026-05-26 08:59:40,522 [WARNING] screener — No data for JIOFIN
2026-05-26 08:59:40,522 [INFO] screener — [107/201] JIOFIN: 0 signals
2026-05-26 08:59:42,202 [WARNING] screener — No data for JUBLFOOD
2026-05-26 08:59:42,203 [INFO] screener — [108/201] JUBLFOOD: 0 signals
2026-05-26 08:59:43,829 [WARNING] screener — No data for KEI
2026-05-26 08:59:43,829 [INFO] screener — [109/201] KEI: 0 signals
2026-05-26 08:59:45,486 [WARNING] screener — No data for KPITTECH
2026-05-26 08:59:45,487 [INFO] screener — [110/201] KPITTECH: 0 signals
2026-05-26 08:59:47,116 [WARNING] screener — No data for KALYANKJIL
2026-05-26 08:59:47,117 [INFO] screener — [111/201] KALYANKJIL: 0 signals
2026-05-26 08:59:48,753 [WARNING] screener — No data for KOTAKBANK
2026-05-26 08:59:48,753 [INFO] screener — [112/201] KOTAKBANK: 0 signals
2026-05-26 08:59:50,382 [WARNING] screener — No data for LTF
2026-05-26 08:59:50,382 [INFO] screener — [113/201] LTF: 0 signals
2026-05-26 08:59:52,212 [WARNING] screener — No data for LICHSGFIN
2026-05-26 08:59:52,212 [INFO] screener — [114/201] LICHSGFIN: 0 signals
2026-05-26 08:59:53,838 [WARNING] screener — No data for LTIM
2026-05-26 08:59:53,839 [INFO] screener — [115/201] LTIM: 0 signals
2026-05-26 08:59:55,506 [WARNING] screener — No data for LT
2026-05-26 08:59:55,506 [INFO] screener — [116/201] LT: 0 signals
2026-05-26 08:59:57,135 [WARNING] screener — No data for LAURUSLABS
2026-05-26 08:59:57,136 [INFO] screener — [117/201] LAURUSLABS: 0 signals
2026-05-26 08:59:58,762 [WARNING] screener — No data for LICI
2026-05-26 08:59:58,763 [INFO] screener — [118/201] LICI: 0 signals
2026-05-26 09:00:00,392 [WARNING] screener — No data for LUPIN
2026-05-26 09:00:00,393 [INFO] screener — [119/201] LUPIN: 0 signals
2026-05-26 09:00:02,212 [WARNING] screener — No data for LODHA
2026-05-26 09:00:02,212 [INFO] screener — [120/201] LODHA: 0 signals
2026-05-26 09:00:03,885 [WARNING] screener — No data for MGL
2026-05-26 09:00:03,885 [INFO] screener — [121/201] MGL: 0 signals
2026-05-26 09:00:05,548 [WARNING] screener — No data for MANAPPURAM
2026-05-26 09:00:05,548 [INFO] screener — [122/201] MANAPPURAM: 0 signals
2026-05-26 09:00:07,172 [WARNING] screener — No data for MARICO
2026-05-26 09:00:07,172 [INFO] screener — [123/201] MARICO: 0 signals
2026-05-26 09:00:08,805 [WARNING] screener — No data for MARUTI
2026-05-26 09:00:08,806 [INFO] screener — [124/201] MARUTI: 0 signals
2026-05-26 09:00:10,452 [WARNING] screener — No data for MFSL
2026-05-26 09:00:10,452 [INFO] screener — [125/201] MFSL: 0 signals
2026-05-26 09:00:12,216 [WARNING] screener — No data for MAXHEALTH
2026-05-26 09:00:12,216 [INFO] screener — [126/201] MAXHEALTH: 0 signals
2026-05-26 09:00:13,912 [WARNING] screener — No data for MPHASIS
2026-05-26 09:00:13,912 [INFO] screener — [127/201] MPHASIS: 0 signals
2026-05-26 09:00:15,548 [WARNING] screener — No data for MCX
2026-05-26 09:00:15,548 [INFO] screener — [128/201] MCX: 0 signals
2026-05-26 09:00:17,246 [WARNING] screener — No data for MUTHOOTFIN
2026-05-26 09:00:17,247 [INFO] screener — [129/201] MUTHOOTFIN: 0 signals
2026-05-26 09:00:18,874 [WARNING] screener — No data for NBCC
2026-05-26 09:00:18,875 [INFO] screener — [130/201] NBCC: 0 signals
2026-05-26 09:00:20,550 [WARNING] screener — No data for NCC
2026-05-26 09:00:20,550 [INFO] screener — [131/201] NCC: 0 signals
2026-05-26 09:00:22,239 [WARNING] screener — No data for NHPC
2026-05-26 09:00:22,240 [INFO] screener — [132/201] NHPC: 0 signals
2026-05-26 09:00:23,872 [WARNING] screener — No data for NMDC
2026-05-26 09:00:23,872 [INFO] screener — [133/201] NMDC: 0 signals
2026-05-26 09:00:24,501 [WARNING] screener — No data for POWERINDIA
2026-05-26 09:00:25,470 [WARNING] screener — No data for NTPC
2026-05-26 09:00:25,470 [INFO] screener — [134/201] NTPC: 0 signals
2026-05-26 09:00:27,135 [WARNING] screener — No data for NATIONALUM
2026-05-26 09:00:27,136 [INFO] screener — [135/201] NATIONALUM: 0 signals
2026-05-26 09:00:28,731 [WARNING] screener — No data for NESTLEIND
2026-05-26 09:00:28,731 [INFO] screener — [136/201] NESTLEIND: 0 signals
2026-05-26 09:00:30,376 [WARNING] screener — No data for OBEROIRLTY
2026-05-26 09:00:30,376 [INFO] screener — [137/201] OBEROIRLTY: 0 signals
2026-05-26 09:00:32,137 [WARNING] screener — No data for ONGC
2026-05-26 09:00:32,138 [INFO] screener — [138/201] ONGC: 0 signals
2026-05-26 09:00:33,811 [WARNING] screener — No data for OIL
2026-05-26 09:00:33,812 [INFO] screener — [139/201] OIL: 0 signals
2026-05-26 09:00:35,502 [WARNING] screener — No data for OFSS
2026-05-26 09:00:35,502 [INFO] screener — [140/201] OFSS: 0 signals
2026-05-26 09:00:37,170 [WARNING] screener — No data for POLICYBZR
2026-05-26 09:00:37,170 [INFO] screener — [141/201] POLICYBZR: 0 signals
2026-05-26 09:00:38,840 [WARNING] screener — No data for PIIND
2026-05-26 09:00:38,840 [INFO] screener — [142/201] PIIND: 0 signals
2026-05-26 09:00:40,505 [WARNING] screener — No data for PATANJALI
2026-05-26 09:00:40,505 [INFO] screener — [143/201] PATANJALI: 0 signals
2026-05-26 09:00:42,131 [WARNING] screener — No data for PETRONET
2026-05-26 09:00:42,131 [INFO] screener — [144/201] PETRONET: 0 signals
2026-05-26 09:00:43,756 [WARNING] screener — No data for PIDILITIND
2026-05-26 09:00:43,757 [INFO] screener — [145/201] PIDILITIND: 0 signals
2026-05-26 09:00:45,360 [WARNING] screener — No data for PEL
2026-05-26 09:00:45,361 [INFO] screener — [146/201] PEL: 0 signals
2026-05-26 09:00:46,960 [WARNING] screener — No data for POLYCAB
2026-05-26 09:00:46,960 [INFO] screener — [147/201] POLYCAB: 0 signals
2026-05-26 09:00:48,570 [WARNING] screener — No data for POONAWALLA
2026-05-26 09:00:48,570 [INFO] screener — [148/201] POONAWALLA: 0 signals
2026-05-26 09:00:50,174 [WARNING] screener — No data for PFC
2026-05-26 09:00:50,174 [INFO] screener — [149/201] PFC: 0 signals
2026-05-26 09:00:52,153 [WARNING] screener — No data for POWERGRID
2026-05-26 09:00:52,154 [INFO] screener — [150/201] POWERGRID: 0 signals
2026-05-26 09:00:53,737 [WARNING] screener — No data for PRESTIGE
2026-05-26 09:00:53,738 [INFO] screener — [151/201] PRESTIGE: 0 signals
2026-05-26 09:00:55,329 [WARNING] screener — No data for PNB
2026-05-26 09:00:55,330 [INFO] screener — [152/201] PNB: 0 signals
2026-05-26 09:00:57,026 [WARNING] screener — No data for RBLBANK
2026-05-26 09:00:57,026 [INFO] screener — [153/201] RBLBANK: 0 signals
2026-05-26 09:00:58,619 [WARNING] screener — No data for RECLTD
2026-05-26 09:00:58,619 [INFO] screener — [154/201] RECLTD: 0 signals
2026-05-26 09:01:00,211 [WARNING] screener — No data for RELIANCE
2026-05-26 09:01:00,211 [INFO] screener — [155/201] RELIANCE: 0 signals
2026-05-26 09:01:02,161 [WARNING] screener — No data for SBICARD
2026-05-26 09:01:02,161 [INFO] screener — [156/201] SBICARD: 0 signals
2026-05-26 09:01:03,754 [WARNING] screener — No data for SBILIFE
2026-05-26 09:01:03,755 [INFO] screener — [157/201] SBILIFE: 0 signals
2026-05-26 09:01:05,344 [WARNING] screener — No data for SHREECEM
2026-05-26 09:01:05,344 [INFO] screener — [158/201] SHREECEM: 0 signals
2026-05-26 09:01:06,955 [WARNING] screener — No data for SJVN
2026-05-26 09:01:06,955 [INFO] screener — [159/201] SJVN: 0 signals
2026-05-26 09:01:08,551 [WARNING] screener — No data for SRF
2026-05-26 09:01:08,552 [INFO] screener — [160/201] SRF: 0 signals
2026-05-26 09:01:10,149 [WARNING] screener — No data for MOTHERSON
2026-05-26 09:01:10,149 [INFO] screener — [161/201] MOTHERSON: 0 signals
2026-05-26 09:01:12,152 [WARNING] screener — No data for SHRIRAMFIN
2026-05-26 09:01:12,153 [INFO] screener — [162/201] SHRIRAMFIN: 0 signals
2026-05-26 09:01:13,746 [WARNING] screener — No data for SIEMENS
2026-05-26 09:01:13,747 [INFO] screener — [163/201] SIEMENS: 0 signals
2026-05-26 09:01:15,334 [WARNING] screener — No data for SOLARINDS
2026-05-26 09:01:15,335 [INFO] screener — [164/201] SOLARINDS: 0 signals
2026-05-26 09:01:16,938 [WARNING] screener — No data for SONACOMS
2026-05-26 09:01:16,939 [INFO] screener — [165/201] SONACOMS: 0 signals
2026-05-26 09:01:18,535 [WARNING] screener — No data for SBIN
2026-05-26 09:01:18,535 [INFO] screener — [166/201] SBIN: 0 signals
2026-05-26 09:01:20,134 [WARNING] screener — No data for SAIL
2026-05-26 09:01:20,135 [INFO] screener — [167/201] SAIL: 0 signals
2026-05-26 09:01:22,204 [WARNING] screener — No data for SUNPHARMA
2026-05-26 09:01:22,205 [INFO] screener — [168/201] SUNPHARMA: 0 signals
2026-05-26 09:01:23,845 [WARNING] screener — No data for SUPREMEIND
2026-05-26 09:01:23,845 [INFO] screener — [169/201] SUPREMEIND: 0 signals
2026-05-26 09:01:25,447 [WARNING] screener — No data for SYNGENE
2026-05-26 09:01:25,447 [INFO] screener — [170/201] SYNGENE: 0 signals
2026-05-26 09:01:27,114 [WARNING] screener — No data for TATACONSUM
2026-05-26 09:01:27,115 [INFO] screener — [171/201] TATACONSUM: 0 signals
2026-05-26 09:01:28,727 [WARNING] screener — No data for TITAGARH
2026-05-26 09:01:28,727 [INFO] screener — [172/201] TITAGARH: 0 signals
2026-05-26 09:01:30,319 [WARNING] screener — No data for TVSMOTOR
2026-05-26 09:01:30,319 [INFO] screener — [173/201] TVSMOTOR: 0 signals
2026-05-26 09:01:32,144 [WARNING] screener — No data for TATACHEM
2026-05-26 09:01:32,145 [INFO] screener — [174/201] TATACHEM: 0 signals
2026-05-26 09:01:33,737 [WARNING] screener — No data for TATACOMM
2026-05-26 09:01:33,738 [INFO] screener — [175/201] TATACOMM: 0 signals
2026-05-26 09:01:35,344 [WARNING] screener — No data for TCS
2026-05-26 09:01:35,345 [INFO] screener — [176/201] TCS: 0 signals
2026-05-26 09:01:37,001 [WARNING] screener — No data for TATAELXSI
2026-05-26 09:01:37,001 [INFO] screener — [177/201] TATAELXSI: 0 signals
2026-05-26 09:01:38,628 [WARNING] screener — No data for TATAMOTORS
2026-05-26 09:01:38,629 [INFO] screener — [178/201] TATAMOTORS: 0 signals
2026-05-26 09:01:40,300 [WARNING] screener — No data for TATAPOWER
2026-05-26 09:01:40,301 [INFO] screener — [179/201] TATAPOWER: 0 signals
2026-05-26 09:01:42,178 [WARNING] screener — No data for TATASTEEL
2026-05-26 09:01:42,178 [INFO] screener — [180/201] TATASTEEL: 0 signals
2026-05-26 09:01:44,206 [WARNING] screener — No data for TATATECH
2026-05-26 09:01:44,207 [INFO] screener — [181/201] TATATECH: 0 signals
2026-05-26 09:01:45,829 [WARNING] screener — No data for TECHM
2026-05-26 09:01:45,829 [INFO] screener — [182/201] TECHM: 0 signals
2026-05-26 09:01:47,485 [WARNING] screener — No data for FEDERALBNK
2026-05-26 09:01:47,485 [INFO] screener — [183/201] FEDERALBNK: 0 signals
2026-05-26 09:01:49,228 [WARNING] screener — No data for INDHOTEL
2026-05-26 09:01:49,229 [INFO] screener — [184/201] INDHOTEL: 0 signals
2026-05-26 09:01:50,854 [WARNING] screener — No data for PHOENIXLTD
2026-05-26 09:01:50,855 [INFO] screener — [185/201] PHOENIXLTD: 0 signals
2026-05-26 09:01:52,490 [WARNING] screener — No data for TITAN
2026-05-26 09:01:52,491 [INFO] screener — [186/201] TITAN: 0 signals
2026-05-26 09:01:54,126 [WARNING] screener — No data for TORNTPHARM
2026-05-26 09:01:54,127 [INFO] screener — [187/201] TORNTPHARM: 0 signals
2026-05-26 09:01:55,760 [WARNING] screener — No data for TORNTPOWER
2026-05-26 09:01:55,761 [INFO] screener — [188/201] TORNTPOWER: 0 signals
2026-05-26 09:01:57,458 [WARNING] screener — No data for TRENT
2026-05-26 09:01:57,458 [INFO] screener — [189/201] TRENT: 0 signals
2026-05-26 09:01:59,088 [WARNING] screener — No data for TIINDIA
2026-05-26 09:01:59,089 [INFO] screener — [190/201] TIINDIA: 0 signals
2026-05-26 09:02:00,725 [WARNING] screener — No data for UPL
2026-05-26 09:02:00,725 [INFO] screener — [191/201] UPL: 0 signals
2026-05-26 09:02:02,360 [WARNING] screener — No data for ULTRACEMCO
2026-05-26 09:02:02,360 [INFO] screener — [192/201] ULTRACEMCO: 0 signals
2026-05-26 09:02:04,050 [WARNING] screener — No data for UNIONBANK
2026-05-26 09:02:04,051 [INFO] screener — [193/201] UNIONBANK: 0 signals
2026-05-26 09:02:05,690 [WARNING] screener — No data for UNITDSPR
2026-05-26 09:02:05,690 [INFO] screener — [194/201] UNITDSPR: 0 signals
2026-05-26 09:02:07,326 [WARNING] screener — No data for VBL
2026-05-26 09:02:07,326 [INFO] screener — [195/201] VBL: 0 signals
2026-05-26 09:02:09,010 [WARNING] screener — No data for VEDL
2026-05-26 09:02:09,010 [INFO] screener — [196/201] VEDL: 0 signals
2026-05-26 09:02:10,648 [WARNING] screener — No data for IDEA
2026-05-26 09:02:10,648 [INFO] screener — [197/201] IDEA: 0 signals
2026-05-26 09:02:12,437 [WARNING] screener — No data for VOLTAS
2026-05-26 09:02:12,438 [INFO] screener — [198/201] VOLTAS: 0 signals
2026-05-26 09:02:14,340 [WARNING] screener — No data for WIPRO
2026-05-26 09:02:14,340 [INFO] screener — [199/201] WIPRO: 0 signals
2026-05-26 09:02:16,028 [WARNING] screener — No data for RVNL
2026-05-26 09:02:16,028 [INFO] screener — [200/201] RVNL: 0 signals
2026-05-26 09:02:17,672 [WARNING] screener — No data for ZYDUSLIFE
2026-05-26 09:02:17,672 [INFO] screener — [201/201] ZYDUSLIFE: 0 signals
2026-05-26 09:02:19,397 [INFO] watchfiles.main — 2 changes detected
